{"C:\\Projetos\\agendamentos\\frontend\\src\\components\\Charts.tsx": {"path":"C:\\Projetos\\agendamentos\\frontend\\src\\components\\Charts.tsx","statementMap":{"0":{"start":{"line":1,"column":0},"end":{"line":1,"column":9}},"1":{"start":{"line":3,"column":9},"end":{"line":1,"column":30}},"2":{"start":{"line":3,"column":30},"end":{"line":1,"column":40}},"3":{"start":{"line":3,"column":40},"end":{"line":1,"column":45}},"4":{"start":{"line":3,"column":45},"end":{"line":1,"column":51}},"5":{"start":{"line":3,"column":51},"end":{"line":1,"column":60}},"6":{"start":{"line":3,"column":60},"end":{"line":1,"column":68}},"7":{"start":{"line":3,"column":68},"end":{"line":1,"column":78}},"8":{"start":{"line":3,"column":78},"end":{"line":1,"column":83}},"9":{"start":{"line":3,"column":83},"end":{"line":1,"column":90}},"10":{"start":{"line":3,"column":90},"end":{"line":1,"column":97}},"11":{"start":{"line":3,"column":97},"end":{"line":1,"column":129}}},"fnMap":{"0":{"name":"(anonymous_0)","decl":{"start":{"line":3,"column":9},"end":{"line":3,"column":28}},"loc":{"start":{"line":3,"column":9},"end":{"line":1,"column":30}}},"1":{"name":"(anonymous_1)","decl":{"start":{"line":3,"column":30},"end":{"line":3,"column":38}},"loc":{"start":{"line":3,"column":30},"end":{"line":1,"column":40}}},"2":{"name":"(anonymous_2)","decl":{"start":{"line":3,"column":40},"end":{"line":3,"column":43}},"loc":{"start":{"line":3,"column":40},"end":{"line":1,"column":45}}},"3":{"name":"(anonymous_3)","decl":{"start":{"line":3,"column":45},"end":{"line":3,"column":49}},"loc":{"start":{"line":3,"column":45},"end":{"line":1,"column":51}}},"4":{"name":"(anonymous_4)","decl":{"start":{"line":3,"column":51},"end":{"line":3,"column":58}},"loc":{"start":{"line":3,"column":51},"end":{"line":1,"column":60}}},"5":{"name":"(anonymous_5)","decl":{"start":{"line":3,"column":60},"end":{"line":3,"column":66}},"loc":{"start":{"line":3,"column":60},"end":{"line":1,"column":68}}},"6":{"name":"(anonymous_6)","decl":{"start":{"line":3,"column":68},"end":{"line":3,"column":76}},"loc":{"start":{"line":3,"column":68},"end":{"line":1,"column":78}}},"7":{"name":"(anonymous_7)","decl":{"start":{"line":3,"column":78},"end":{"line":3,"column":81}},"loc":{"start":{"line":3,"column":78},"end":{"line":1,"column":83}}},"8":{"name":"(anonymous_8)","decl":{"start":{"line":3,"column":83},"end":{"line":3,"column":88}},"loc":{"start":{"line":3,"column":83},"end":{"line":1,"column":90}}},"9":{"name":"(anonymous_9)","decl":{"start":{"line":3,"column":90},"end":{"line":3,"column":95}},"loc":{"start":{"line":3,"column":90},"end":{"line":1,"column":97}}},"10":{"name":"(anonymous_10)","decl":{"start":{"line":3,"column":97},"end":{"line":3,"column":110}},"loc":{"start":{"line":3,"column":97},"end":{"line":1,"column":129}}}},"branchMap":{},"s":{"0":1,"1":3,"2":2,"3":2,"4":4,"5":3,"6":3,"7":2,"8":2,"9":2,"10":2,"11":2},"f":{"0":2,"1":1,"2":1,"3":3,"4":2,"5":2,"6":1,"7":1,"8":1,"9":1,"10":1},"b":{}}
,"C:\\Projetos\\agendamentos\\frontend\\src\\components\\Layout.tsx": {"path":"C:\\Projetos\\agendamentos\\frontend\\src\\components\\Layout.tsx","statementMap":{"0":{"start":{"line":4,"column":0},"end":{"line":4,"column":24}},"1":{"start":{"line":1,"column":0},"end":{"line":1,"column":53}},"2":{"start":{"line":2,"column":0},"end":{"line":2,"column":40}},"3":{"start":{"line":5,"column":27},"end":{"line":5,"column":36}},"4":{"start":{"line":6,"column":19},"end":{"line":6,"column":32}},"5":{"start":{"line":7,"column":18},"end":{"line":7,"column":48}},"6":{"start":{"line":8,"column":22},"end":{"line":8,"column":48}},"7":{"start":{"line":10,"column":23},"end":{"line":13,"column":3}},"8":{"start":{"line":11,"column":4},"end":{"line":11,"column":13}},"9":{"start":{"line":12,"column":4},"end":{"line":12,"column":23}},"10":{"start":{"line":15,"column":2},"end":{"line":33,"column":4}}},"fnMap":{"0":{"name":"Layout","decl":{"start":{"line":4,"column":24},"end":{"line":4,"column":30}},"loc":{"start":{"line":4,"column":74},"end":{"line":34,"column":1}}},"1":{"name":"(anonymous_1)","decl":{"start":{"line":10,"column":23},"end":{"line":10,"column":26}},"loc":{"start":{"line":10,"column":28},"end":{"line":13,"column":3}}}},"branchMap":{"0":{"loc":{"start":{"line":24,"column":11},"end":{"line":24,"column":79}},"type":"binary-expr","locations":[{"start":{"line":24,"column":12},"end":{"line":24,"column":19}},{"start":{"line":24,"column":23},"end":{"line":24,"column":34}},{"start":{"line":24,"column":39},"end":{"line":24,"column":79}}]},"1":{"loc":{"start":{"line":27,"column":11},"end":{"line":27,"column":90}},"type":"binary-expr","locations":[{"start":{"line":27,"column":11},"end":{"line":27,"column":15}},{"start":{"line":27,"column":19},"end":{"line":27,"column":90}}]},"2":{"loc":{"start":{"line":27,"column":59},"end":{"line":27,"column":82}},"type":"binary-expr","locations":[{"start":{"line":27,"column":59},"end":{"line":27,"column":68}},{"start":{"line":27,"column":72},"end":{"line":27,"column":82}}]}},"s":{"0":4,"1":4,"2":4,"3":28,"4":28,"5":28,"6":28,"7":28,"8":0,"9":0,"10":28},"f":{"0":28,"1":0},"b":{"0":[28,10,18],"1":[28,18],"2":[18,0]}}
,"C:\\Projetos\\agendamentos\\frontend\\src\\hooks\\useDisponibilidade.ts": {"path":"C:\\Projetos\\agendamentos\\frontend\\src\\hooks\\useDisponibilidade.ts","statementMap":{"0":{"start":{"line":11,"column":0},"end":{"line":11,"column":16}},"1":{"start":{"line":18,"column":0},"end":{"line":18,"column":16}},"2":{"start":{"line":26,"column":0},"end":{"line":26,"column":16}},"3":{"start":{"line":34,"column":0},"end":{"line":34,"column":16}},"4":{"start":{"line":1,"column":0},"end":{"line":1,"column":78}},"5":{"start":{"line":2,"column":0},"end":{"line":2,"column":null}},"6":{"start":{"line":12,"column":2},"end":{"line":15,"column":5}},"7":{"start":{"line":19,"column":22},"end":{"line":19,"column":38}},"8":{"start":{"line":20,"column":2},"end":{"line":23,"column":5}},"9":{"start":{"line":22,"column":21},"end":{"line":22,"column":86}},"10":{"start":{"line":27,"column":22},"end":{"line":27,"column":38}},"11":{"start":{"line":28,"column":2},"end":{"line":31,"column":5}},"12":{"start":{"line":29,"column":77},"end":{"line":29,"column":108}},"13":{"start":{"line":30,"column":21},"end":{"line":30,"column":86}},"14":{"start":{"line":35,"column":22},"end":{"line":35,"column":38}},"15":{"start":{"line":36,"column":2},"end":{"line":39,"column":5}},"16":{"start":{"line":37,"column":32},"end":{"line":37,"column":57}},"17":{"start":{"line":38,"column":21},"end":{"line":38,"column":86}}},"fnMap":{"0":{"name":"useDisponibilidades","decl":{"start":{"line":11,"column":16},"end":{"line":11,"column":35}},"loc":{"start":{"line":11,"column":35},"end":{"line":16,"column":1}}},"1":{"name":"useCreateDisponibilidade","decl":{"start":{"line":18,"column":16},"end":{"line":18,"column":40}},"loc":{"start":{"line":18,"column":40},"end":{"line":24,"column":1}}},"2":{"name":"(anonymous_2)","decl":{"start":{"line":22,"column":15},"end":{"line":22,"column":18}},"loc":{"start":{"line":22,"column":21},"end":{"line":22,"column":86}}},"3":{"name":"useUpdateDisponibilidade","decl":{"start":{"line":26,"column":16},"end":{"line":26,"column":40}},"loc":{"start":{"line":26,"column":40},"end":{"line":32,"column":1}}},"4":{"name":"(anonymous_4)","decl":{"start":{"line":29,"column":16},"end":{"line":29,"column":17}},"loc":{"start":{"line":29,"column":77},"end":{"line":29,"column":108}}},"5":{"name":"(anonymous_5)","decl":{"start":{"line":30,"column":15},"end":{"line":30,"column":18}},"loc":{"start":{"line":30,"column":21},"end":{"line":30,"column":86}}},"6":{"name":"useDeleteDisponibilidade","decl":{"start":{"line":34,"column":16},"end":{"line":34,"column":40}},"loc":{"start":{"line":34,"column":40},"end":{"line":40,"column":1}}},"7":{"name":"(anonymous_7)","decl":{"start":{"line":37,"column":16},"end":{"line":37,"column":17}},"loc":{"start":{"line":37,"column":32},"end":{"line":37,"column":57}}},"8":{"name":"(anonymous_8)","decl":{"start":{"line":38,"column":15},"end":{"line":38,"column":18}},"loc":{"start":{"line":38,"column":21},"end":{"line":38,"column":86}}}},"branchMap":{},"s":{"0":1,"1":1,"2":1,"3":1,"4":1,"5":1,"6":0,"7":1,"8":1,"9":0,"10":7,"11":7,"12":0,"13":0,"14":12,"15":12,"16":0,"17":0},"f":{"0":0,"1":1,"2":0,"3":7,"4":0,"5":0,"6":12,"7":0,"8":0},"b":{}}
,"C:\\Projetos\\agendamentos\\frontend\\src\\pages\\Agendamentos.tsx": {"path":"C:\\Projetos\\agendamentos\\frontend\\src\\pages\\Agendamentos.tsx","statementMap":{"0":{"start":{"line":27,"column":0},"end":{"line":27,"column":24}},"1":{"start":{"line":1,"column":0},"end":{"line":1,"column":44}},"2":{"start":{"line":2,"column":0},"end":{"line":2,"column":42}},"3":{"start":{"line":3,"column":0},"end":{"line":3,"column":34}},"4":{"start":{"line":4,"column":0},"end":{"line":4,"column":40}},"5":{"start":{"line":5,"column":0},"end":{"line":5,"column":47}},"6":{"start":{"line":6,"column":0},"end":{"line":6,"column":55}},"7":{"start":{"line":28,"column":19},"end":{"line":28,"column":28}},"8":{"start":{"line":29,"column":42},"end":{"line":29,"column":69}},"9":{"start":{"line":30,"column":34},"end":{"line":30,"column":57}},"10":{"start":{"line":31,"column":28},"end":{"line":31,"column":40}},"11":{"start":{"line":32,"column":32},"end":{"line":32,"column":46}},"12":{"start":{"line":33,"column":32},"end":{"line":33,"column":123}},"13":{"start":{"line":34,"column":18},"end":{"line":34,"column":48}},"14":{"start":{"line":35,"column":22},"end":{"line":35,"column":48}},"15":{"start":{"line":36,"column":20},"end":{"line":36,"column":44}},"16":{"start":{"line":37,"column":18},"end":{"line":37,"column":40}},"17":{"start":{"line":39,"column":20},"end":{"line":42,"column":34}},"18":{"start":{"line":40,"column":4},"end":{"line":40,"column":23}},"19":{"start":{"line":41,"column":4},"end":{"line":41,"column":15}},"20":{"start":{"line":44,"column":30},"end":{"line":51,"column":3}},"21":{"start":{"line":45,"column":18},"end":{"line":45,"column":43}},"22":{"start":{"line":46,"column":4},"end":{"line":46,"column":33}},"23":{"start":{"line":46,"column":16},"end":{"line":46,"column":33}},"24":{"start":{"line":47,"column":18},"end":{"line":48,"column":null}},"25":{"start":{"line":48,"column":11},"end":{"line":48,"column":77}},"26":{"start":{"line":50,"column":4},"end":{"line":50,"column":21}},"27":{"start":{"line":53,"column":28},"end":{"line":94,"column":3}},"28":{"start":{"line":54,"column":4},"end":{"line":54,"column":21}},"29":{"start":{"line":55,"column":4},"end":{"line":55,"column":17}},"30":{"start":{"line":57,"column":22},"end":{"line":59,"column":55}},"31":{"start":{"line":60,"column":24},"end":{"line":62,"column":59}},"32":{"start":{"line":64,"column":20},"end":{"line":71,"column":6}},"33":{"start":{"line":73,"column":20},"end":{"line":83,"column":10}},"34":{"start":{"line":85,"column":4},"end":{"line":93,"column":40}},"35":{"start":{"line":87,"column":23},"end":{"line":87,"column":88}},"36":{"start":{"line":88,"column":8},"end":{"line":88,"column":32}},"37":{"start":{"line":91,"column":8},"end":{"line":91,"column":76}},"38":{"start":{"line":93,"column":21},"end":{"line":93,"column":38}},"39":{"start":{"line":96,"column":2},"end":{"line":106,"column":9}},"40":{"start":{"line":97,"column":4},"end":{"line":103,"column":5}},"41":{"start":{"line":98,"column":6},"end":{"line":100,"column":38}},"42":{"start":{"line":99,"column":21},"end":{"line":99,"column":48}},"43":{"start":{"line":100,"column":21},"end":{"line":100,"column":36}},"44":{"start":{"line":102,"column":6},"end":{"line":102,"column":22}},"45":{"start":{"line":104,"column":4},"end":{"line":104,"column":24}},"46":{"start":{"line":108,"column":23},"end":{"line":111,"column":3}},"47":{"start":{"line":109,"column":28},"end":{"line":109,"column":36}},"48":{"start":{"line":110,"column":4},"end":{"line":110,"column":47}},"49":{"start":{"line":110,"column":21},"end":{"line":110,"column":44}},"50":{"start":{"line":113,"column":24},"end":{"line":116,"column":3}},"51":{"start":{"line":114,"column":4},"end":{"line":114,"column":23}},"52":{"start":{"line":115,"column":4},"end":{"line":115,"column":24}},"53":{"start":{"line":118,"column":19},"end":{"line":118,"column":32}},"54":{"start":{"line":120,"column":2},"end":{"line":201,"column":4}},"55":{"start":{"line":125,"column":122},"end":{"line":125,"column":152}},"56":{"start":{"line":166,"column":16},"end":{"line":166,"column":31}},"57":{"start":{"line":166,"column":99},"end":{"line":166,"column":132}},"58":{"start":{"line":178,"column":24},"end":{"line":178,"column":44}},"59":{"start":{"line":179,"column":24},"end":{"line":179,"column":58}},"60":{"start":{"line":188,"column":26},"end":{"line":188,"column":46}},"61":{"start":{"line":189,"column":26},"end":{"line":189,"column":67}}},"fnMap":{"0":{"name":"Agendamentos","decl":{"start":{"line":27,"column":24},"end":{"line":27,"column":36}},"loc":{"start":{"line":27,"column":36},"end":{"line":202,"column":1}}},"1":{"name":"(anonymous_2)","decl":{"start":{"line":39,"column":36},"end":{"line":39,"column":37}},"loc":{"start":{"line":39,"column":47},"end":{"line":42,"column":3}}},"2":{"name":"(anonymous_3)","decl":{"start":{"line":44,"column":30},"end":{"line":44,"column":31}},"loc":{"start":{"line":44,"column":62},"end":{"line":51,"column":3}}},"3":{"name":"(anonymous_4)","decl":{"start":{"line":48,"column":6},"end":{"line":48,"column":7}},"loc":{"start":{"line":48,"column":11},"end":{"line":48,"column":77}}},"4":{"name":"(anonymous_5)","decl":{"start":{"line":53,"column":28},"end":{"line":53,"column":31}},"loc":{"start":{"line":53,"column":33},"end":{"line":94,"column":3}}},"5":{"name":"(anonymous_6)","decl":{"start":{"line":86,"column":12},"end":{"line":86,"column":13}},"loc":{"start":{"line":86,"column":25},"end":{"line":89,"column":7}}},"6":{"name":"(anonymous_7)","decl":{"start":{"line":90,"column":13},"end":{"line":90,"column":14}},"loc":{"start":{"line":90,"column":26},"end":{"line":92,"column":7}}},"7":{"name":"(anonymous_8)","decl":{"start":{"line":93,"column":15},"end":{"line":93,"column":18}},"loc":{"start":{"line":93,"column":21},"end":{"line":93,"column":38}}},"8":{"name":"(anonymous_9)","decl":{"start":{"line":96,"column":12},"end":{"line":96,"column":15}},"loc":{"start":{"line":96,"column":17},"end":{"line":106,"column":3}}},"9":{"name":"(anonymous_10)","decl":{"start":{"line":99,"column":14},"end":{"line":99,"column":17}},"loc":{"start":{"line":99,"column":21},"end":{"line":99,"column":48}}},"10":{"name":"(anonymous_11)","decl":{"start":{"line":100,"column":15},"end":{"line":100,"column":18}},"loc":{"start":{"line":100,"column":21},"end":{"line":100,"column":36}}},"11":{"name":"(anonymous_12)","decl":{"start":{"line":108,"column":23},"end":{"line":108,"column":24}},"loc":{"start":{"line":108,"column":86},"end":{"line":111,"column":3}}},"12":{"name":"(anonymous_13)","decl":{"start":{"line":110,"column":15},"end":{"line":110,"column":16}},"loc":{"start":{"line":110,"column":21},"end":{"line":110,"column":44}}},"13":{"name":"(anonymous_14)","decl":{"start":{"line":113,"column":24},"end":{"line":113,"column":25}},"loc":{"start":{"line":113,"column":47},"end":{"line":116,"column":3}}},"14":{"name":"(anonymous_15)","decl":{"start":{"line":125,"column":116},"end":{"line":125,"column":119}},"loc":{"start":{"line":125,"column":122},"end":{"line":125,"column":152}}},"15":{"name":"(anonymous_16)","decl":{"start":{"line":165,"column":32},"end":{"line":165,"column":33}},"loc":{"start":{"line":166,"column":16},"end":{"line":166,"column":31}}},"16":{"name":"(anonymous_17)","decl":{"start":{"line":166,"column":93},"end":{"line":166,"column":96}},"loc":{"start":{"line":166,"column":99},"end":{"line":166,"column":132}}},"17":{"name":"(anonymous_18)","decl":{"start":{"line":177,"column":31},"end":{"line":177,"column":32}},"loc":{"start":{"line":177,"column":37},"end":{"line":180,"column":23}}},"18":{"name":"(anonymous_19)","decl":{"start":{"line":187,"column":33},"end":{"line":187,"column":34}},"loc":{"start":{"line":187,"column":39},"end":{"line":190,"column":25}}}},"branchMap":{"0":{"loc":{"start":{"line":37,"column":18},"end":{"line":37,"column":40}},"type":"binary-expr","locations":[{"start":{"line":37,"column":18},"end":{"line":37,"column":25}},{"start":{"line":37,"column":29},"end":{"line":37,"column":40}}]},"1":{"loc":{"start":{"line":46,"column":4},"end":{"line":46,"column":33}},"type":"if","locations":[{"start":{"line":46,"column":4},"end":{"line":46,"column":33}},{"start":{},"end":{}}]},"2":{"loc":{"start":{"line":48,"column":11},"end":{"line":48,"column":77}},"type":"binary-expr","locations":[{"start":{"line":48,"column":12},"end":{"line":48,"column":17}},{"start":{"line":48,"column":21},"end":{"line":48,"column":36}},{"start":{"line":48,"column":41},"end":{"line":48,"column":77}}]},"3":{"loc":{"start":{"line":57,"column":22},"end":{"line":59,"column":55}},"type":"cond-expr","locations":[{"start":{"line":58,"column":8},"end":{"line":58,"column":16}},{"start":{"line":59,"column":8},"end":{"line":59,"column":55}}]},"4":{"loc":{"start":{"line":60,"column":24},"end":{"line":62,"column":59}},"type":"cond-expr","locations":[{"start":{"line":61,"column":8},"end":{"line":61,"column":16}},{"start":{"line":62,"column":8},"end":{"line":62,"column":59}}]},"5":{"loc":{"start":{"line":67,"column":14},"end":{"line":67,"column":41}},"type":"binary-expr","locations":[{"start":{"line":67,"column":14},"end":{"line":67,"column":28}},{"start":{"line":67,"column":32},"end":{"line":67,"column":41}}]},"6":{"loc":{"start":{"line":68,"column":18},"end":{"line":68,"column":49}},"type":"binary-expr","locations":[{"start":{"line":68,"column":18},"end":{"line":68,"column":36}},{"start":{"line":68,"column":40},"end":{"line":68,"column":49}}]},"7":{"loc":{"start":{"line":69,"column":15},"end":{"line":69,"column":43}},"type":"binary-expr","locations":[{"start":{"line":69,"column":15},"end":{"line":69,"column":30}},{"start":{"line":69,"column":34},"end":{"line":69,"column":43}}]},"8":{"loc":{"start":{"line":70,"column":23},"end":{"line":70,"column":48}},"type":"binary-expr","locations":[{"start":{"line":70,"column":23},"end":{"line":70,"column":35}},{"start":{"line":70,"column":39},"end":{"line":70,"column":48}}]},"9":{"loc":{"start":{"line":73,"column":20},"end":{"line":83,"column":10}},"type":"cond-expr","locations":[{"start":{"line":74,"column":8},"end":{"line":74,"column":52}},{"start":{"line":75,"column":8},"end":{"line":83,"column":10}}]},"10":{"loc":{"start":{"line":79,"column":20},"end":{"line":79,"column":47}},"type":"binary-expr","locations":[{"start":{"line":79,"column":20},"end":{"line":79,"column":34}},{"start":{"line":79,"column":38},"end":{"line":79,"column":47}}]},"11":{"loc":{"start":{"line":80,"column":21},"end":{"line":80,"column":52}},"type":"binary-expr","locations":[{"start":{"line":80,"column":21},"end":{"line":80,"column":39}},{"start":{"line":80,"column":43},"end":{"line":80,"column":52}}]},"12":{"loc":{"start":{"line":81,"column":21},"end":{"line":81,"column":49}},"type":"binary-expr","locations":[{"start":{"line":81,"column":21},"end":{"line":81,"column":36}},{"start":{"line":81,"column":40},"end":{"line":81,"column":49}}]},"13":{"loc":{"start":{"line":87,"column":23},"end":{"line":87,"column":88}},"type":"cond-expr","locations":[{"start":{"line":87,"column":49},"end":{"line":87,"column":57}},{"start":{"line":87,"column":61},"end":{"line":87,"column":87}}]},"14":{"loc":{"start":{"line":87,"column":61},"end":{"line":87,"column":87}},"type":"binary-expr","locations":[{"start":{"line":87,"column":61},"end":{"line":87,"column":81}},{"start":{"line":87,"column":85},"end":{"line":87,"column":87}}]},"15":{"loc":{"start":{"line":97,"column":4},"end":{"line":103,"column":5}},"type":"if","locations":[{"start":{"line":97,"column":4},"end":{"line":103,"column":5}},{"start":{"line":101,"column":11},"end":{"line":103,"column":5}}]},"16":{"loc":{"start":{"line":99,"column":33},"end":{"line":99,"column":47}},"type":"binary-expr","locations":[{"start":{"line":99,"column":33},"end":{"line":99,"column":41}},{"start":{"line":99,"column":45},"end":{"line":99,"column":47}}]},"17":{"loc":{"start":{"line":124,"column":9},"end":{"line":127,"column":null}},"type":"binary-expr","locations":[{"start":{"line":124,"column":9},"end":{"line":124,"column":18}},{"start":{"line":125,"column":10},"end":{"line":125,"column":null}}]},"18":{"loc":{"start":{"line":131,"column":9},"end":{"line":131,"column":145}},"type":"binary-expr","locations":[{"start":{"line":131,"column":9},"end":{"line":131,"column":16}},{"start":{"line":131,"column":20},"end":{"line":131,"column":145}}]},"19":{"loc":{"start":{"line":132,"column":9},"end":{"line":132,"column":168}},"type":"binary-expr","locations":[{"start":{"line":132,"column":10},"end":{"line":132,"column":17}},{"start":{"line":132,"column":21},"end":{"line":132,"column":32}},{"start":{"line":132,"column":37},"end":{"line":132,"column":168}}]},"20":{"loc":{"start":{"line":146,"column":7},"end":{"line":146,"column":64}},"type":"binary-expr","locations":[{"start":{"line":146,"column":7},"end":{"line":146,"column":12}},{"start":{"line":146,"column":16},"end":{"line":146,"column":64}}]},"21":{"loc":{"start":{"line":147,"column":7},"end":{"line":198,"column":null}},"type":"cond-expr","locations":[{"start":{"line":148,"column":8},"end":{"line":148,"column":32}},{"start":{"line":150,"column":8},"end":{"line":197,"column":null}}]},"22":{"loc":{"start":{"line":168,"column":39},"end":{"line":168,"column":115}},"type":"binary-expr","locations":[{"start":{"line":168,"column":39},"end":{"line":168,"column":52}},{"start":{"line":168,"column":57},"end":{"line":168,"column":114}}]},"23":{"loc":{"start":{"line":168,"column":57},"end":{"line":168,"column":114}},"type":"cond-expr","locations":[{"start":{"line":168,"column":71},"end":{"line":168,"column":108}},{"start":{"line":168,"column":111},"end":{"line":168,"column":114}}]},"24":{"loc":{"start":{"line":168,"column":71},"end":{"line":168,"column":108}},"type":"binary-expr","locations":[{"start":{"line":168,"column":71},"end":{"line":168,"column":93}},{"start":{"line":168,"column":97},"end":{"line":168,"column":108}}]},"25":{"loc":{"start":{"line":169,"column":39},"end":{"line":169,"column":123}},"type":"binary-expr","locations":[{"start":{"line":169,"column":39},"end":{"line":169,"column":54}},{"start":{"line":169,"column":59},"end":{"line":169,"column":122}}]},"26":{"loc":{"start":{"line":169,"column":59},"end":{"line":169,"column":122}},"type":"cond-expr","locations":[{"start":{"line":169,"column":75},"end":{"line":169,"column":116}},{"start":{"line":169,"column":119},"end":{"line":169,"column":122}}]},"27":{"loc":{"start":{"line":169,"column":75},"end":{"line":169,"column":116}},"type":"binary-expr","locations":[{"start":{"line":169,"column":75},"end":{"line":169,"column":99}},{"start":{"line":169,"column":103},"end":{"line":169,"column":116}}]},"28":{"loc":{"start":{"line":184,"column":21},"end":{"line":191,"column":null}},"type":"binary-expr","locations":[{"start":{"line":184,"column":21},"end":{"line":184,"column":28}},{"start":{"line":185,"column":22},"end":{"line":190,"column":null}}]}},"s":{"0":1,"1":1,"2":1,"3":1,"4":1,"5":1,"6":1,"7":7,"8":7,"9":7,"10":7,"11":7,"12":7,"13":7,"14":7,"15":7,"16":7,"17":7,"18":0,"19":0,"20":7,"21":6,"22":6,"23":5,"24":1,"25":0,"26":1,"27":7,"28":3,"29":3,"30":3,"31":3,"32":3,"33":3,"34":3,"35":3,"36":3,"37":0,"38":3,"39":7,"40":2,"41":2,"42":2,"43":0,"44":0,"45":2,"46":7,"47":1,"48":1,"49":1,"50":7,"51":1,"52":1,"53":7,"54":7,"55":0,"56":4,"57":0,"58":0,"59":0,"60":0,"61":0},"f":{"0":7,"1":0,"2":6,"3":0,"4":3,"5":3,"6":0,"7":3,"8":2,"9":2,"10":0,"11":1,"12":1,"13":1,"14":0,"15":4,"16":0,"17":0,"18":0},"b":{"0":[7,0],"1":[5,1],"2":[0,0,0],"3":[0,3],"4":[0,3],"5":[3,3],"6":[3,3],"7":[3,3],"8":[3,3],"9":[3,0],"10":[0,0],"11":[0,0],"12":[0,0],"13":[0,3],"14":[3,0],"15":[2,0],"16":[2,0],"17":[7,0],"18":[7,7],"19":[7,0,7],"20":[7,0],"21":[3,4],"22":[4,0],"23":[0,0],"24":[0,0],"25":[4,0],"26":[0,0],"27":[0,0],"28":[4,4]}}
,"C:\\Projetos\\agendamentos\\frontend\\src\\pages\\Dashboard.tsx": {"path":"C:\\Projetos\\agendamentos\\frontend\\src\\pages\\Dashboard.tsx","statementMap":{"0":{"start":{"line":19,"column":0},"end":{"line":19,"column":24}},"1":{"start":{"line":2,"column":0},"end":{"line":2,"column":44}},"2":{"start":{"line":3,"column":0},"end":{"line":3,"column":42}},"3":{"start":{"line":4,"column":0},"end":{"line":4,"column":34}},"4":{"start":{"line":5,"column":0},"end":{"line":5,"column":141}},"5":{"start":{"line":20,"column":34},"end":{"line":20,"column":57}},"6":{"start":{"line":21,"column":42},"end":{"line":21,"column":69}},"7":{"start":{"line":22,"column":50},"end":{"line":22,"column":81}},"8":{"start":{"line":23,"column":32},"end":{"line":23,"column":46}},"9":{"start":{"line":24,"column":28},"end":{"line":24,"column":57}},"10":{"start":{"line":26,"column":2},"end":{"line":41,"column":9}},"11":{"start":{"line":27,"column":4},"end":{"line":27,"column":21}},"12":{"start":{"line":28,"column":4},"end":{"line":28,"column":19}},"13":{"start":{"line":29,"column":4},"end":{"line":40,"column":40}},"14":{"start":{"line":35,"column":8},"end":{"line":35,"column":38}},"15":{"start":{"line":36,"column":8},"end":{"line":36,"column":46}},"16":{"start":{"line":37,"column":8},"end":{"line":37,"column":54}},"17":{"start":{"line":39,"column":19},"end":{"line":39,"column":67}},"18":{"start":{"line":40,"column":21},"end":{"line":40,"column":38}},"19":{"start":{"line":44,"column":22},"end":{"line":44,"column":77}},"20":{"start":{"line":44,"column":43},"end":{"line":44,"column":69}},"21":{"start":{"line":45,"column":26},"end":{"line":45,"column":77}},"22":{"start":{"line":45,"column":47},"end":{"line":45,"column":69}},"23":{"start":{"line":46,"column":24},"end":{"line":46,"column":73}},"24":{"start":{"line":46,"column":45},"end":{"line":46,"column":65}},"25":{"start":{"line":49,"column":23},"end":{"line":55,"column":4}},"26":{"start":{"line":56,"column":23},"end":{"line":60,"column":null}},"27":{"start":{"line":57,"column":26},"end":{"line":60,"column":6}},"28":{"start":{"line":59,"column":31},"end":{"line":59,"column":113}},"29":{"start":{"line":64,"column":25},"end":{"line":68,"column":4}},"30":{"start":{"line":69,"column":29},"end":{"line":69,"column":101}},"31":{"start":{"line":69,"column":52},"end":{"line":69,"column":99}},"32":{"start":{"line":70,"column":17},"end":{"line":70,"column":83}},"33":{"start":{"line":72,"column":2},"end":{"line":130,"column":4}},"34":{"start":{"line":91,"column":24},"end":{"line":91,"column":50}},"35":{"start":{"line":105,"column":18},"end":{"line":105,"column":36}}},"fnMap":{"0":{"name":"Dashboard","decl":{"start":{"line":19,"column":24},"end":{"line":19,"column":33}},"loc":{"start":{"line":19,"column":33},"end":{"line":131,"column":1}}},"1":{"name":"(anonymous_2)","decl":{"start":{"line":26,"column":12},"end":{"line":26,"column":15}},"loc":{"start":{"line":26,"column":17},"end":{"line":41,"column":3}}},"2":{"name":"(anonymous_3)","decl":{"start":{"line":34,"column":12},"end":{"line":34,"column":13}},"loc":{"start":{"line":34,"column":68},"end":{"line":38,"column":7}}},"3":{"name":"(anonymous_4)","decl":{"start":{"line":39,"column":13},"end":{"line":39,"column":16}},"loc":{"start":{"line":39,"column":19},"end":{"line":39,"column":67}}},"4":{"name":"(anonymous_5)","decl":{"start":{"line":40,"column":15},"end":{"line":40,"column":18}},"loc":{"start":{"line":40,"column":21},"end":{"line":40,"column":38}}},"5":{"name":"(anonymous_6)","decl":{"start":{"line":44,"column":38},"end":{"line":44,"column":39}},"loc":{"start":{"line":44,"column":43},"end":{"line":44,"column":69}}},"6":{"name":"(anonymous_7)","decl":{"start":{"line":45,"column":42},"end":{"line":45,"column":43}},"loc":{"start":{"line":45,"column":47},"end":{"line":45,"column":69}}},"7":{"name":"(anonymous_8)","decl":{"start":{"line":46,"column":40},"end":{"line":46,"column":41}},"loc":{"start":{"line":46,"column":45},"end":{"line":46,"column":65}}},"8":{"name":"(anonymous_9)","decl":{"start":{"line":57,"column":21},"end":{"line":57,"column":22}},"loc":{"start":{"line":57,"column":26},"end":{"line":60,"column":6}}},"9":{"name":"(anonymous_10)","decl":{"start":{"line":59,"column":26},"end":{"line":59,"column":27}},"loc":{"start":{"line":59,"column":31},"end":{"line":59,"column":113}}},"10":{"name":"(anonymous_11)","decl":{"start":{"line":69,"column":46},"end":{"line":69,"column":47}},"loc":{"start":{"line":69,"column":52},"end":{"line":69,"column":99}}},"11":{"name":"(anonymous_12)","decl":{"start":{"line":90,"column":42},"end":{"line":90,"column":43}},"loc":{"start":{"line":91,"column":24},"end":{"line":91,"column":50}}},"12":{"name":"(anonymous_13)","decl":{"start":{"line":104,"column":34},"end":{"line":104,"column":35}},"loc":{"start":{"line":105,"column":18},"end":{"line":105,"column":36}}}},"branchMap":{"0":{"loc":{"start":{"line":59,"column":31},"end":{"line":59,"column":113}},"type":"binary-expr","locations":[{"start":{"line":59,"column":31},"end":{"line":59,"column":49}},{"start":{"line":59,"column":54},"end":{"line":59,"column":74}},{"start":{"line":59,"column":78},"end":{"line":59,"column":112}}]},"1":{"loc":{"start":{"line":75,"column":7},"end":{"line":127,"column":null}},"type":"cond-expr","locations":[{"start":{"line":76,"column":8},"end":{"line":76,"column":32}},{"start":{"line":77,"column":10},"end":{"line":127,"column":null}}]},"2":{"loc":{"start":{"line":77,"column":10},"end":{"line":127,"column":null}},"type":"cond-expr","locations":[{"start":{"line":78,"column":8},"end":{"line":78,"column":51}},{"start":{"line":80,"column":8},"end":{"line":126,"column":null}}]}},"s":{"0":1,"1":1,"2":1,"3":1,"4":1,"5":4,"6":4,"7":4,"8":4,"9":4,"10":4,"11":2,"12":2,"13":2,"14":1,"15":1,"16":1,"17":1,"18":2,"19":4,"20":3,"21":4,"22":3,"23":4,"24":3,"25":4,"26":4,"27":20,"28":10,"29":4,"30":4,"31":20,"32":4,"33":4,"34":3,"35":5},"f":{"0":4,"1":2,"2":1,"3":1,"4":2,"5":3,"6":3,"7":3,"8":20,"9":10,"10":20,"11":3,"12":5},"b":{"0":[10,8,1],"1":[2,2],"2":[1,1]}}
,"C:\\Projetos\\agendamentos\\frontend\\src\\pages\\Disponibilidade.tsx": {"path":"C:\\Projetos\\agendamentos\\frontend\\src\\pages\\Disponibilidade.tsx","statementMap":{"0":{"start":{"line":11,"column":0},"end":{"line":11,"column":24}},"1":{"start":{"line":1,"column":0},"end":{"line":1,"column":33}},"2":{"start":{"line":2,"column":0},"end":{"line":2,"column":144}},"3":{"start":{"line":3,"column":0},"end":{"line":3,"column":42}},"4":{"start":{"line":4,"column":0},"end":{"line":4,"column":40}},"5":{"start":{"line":5,"column":0},"end":{"line":5,"column":55}},"6":{"start":{"line":7,"column":19},"end":{"line":9,"column":2}},"7":{"start":{"line":12,"column":19},"end":{"line":12,"column":28}},"8":{"start":{"line":13,"column":37},"end":{"line":13,"column":58}},"9":{"start":{"line":14,"column":20},"end":{"line":14,"column":46}},"10":{"start":{"line":15,"column":20},"end":{"line":15,"column":46}},"11":{"start":{"line":16,"column":20},"end":{"line":16,"column":46}},"12":{"start":{"line":18,"column":26},"end":{"line":25,"column":4}},"13":{"start":{"line":26,"column":32},"end":{"line":26,"column":47}},"14":{"start":{"line":27,"column":36},"end":{"line":27,"column":48}},"15":{"start":{"line":29,"column":23},"end":{"line":36,"column":3}},"16":{"start":{"line":30,"column":34},"end":{"line":30,"column":42}},"17":{"start":{"line":31,"column":39},"end":{"line":31,"column":44}},"18":{"start":{"line":32,"column":4},"end":{"line":34,"column":5}},"19":{"start":{"line":33,"column":6},"end":{"line":33,"column":36}},"20":{"start":{"line":35,"column":4},"end":{"line":35,"column":49}},"21":{"start":{"line":35,"column":18},"end":{"line":35,"column":46}},"22":{"start":{"line":38,"column":23},"end":{"line":63,"column":3}},"23":{"start":{"line":39,"column":4},"end":{"line":39,"column":23}},"24":{"start":{"line":40,"column":4},"end":{"line":40,"column":21}},"25":{"start":{"line":42,"column":4},"end":{"line":45,"column":5}},"26":{"start":{"line":43,"column":6},"end":{"line":43,"column":61}},"27":{"start":{"line":44,"column":6},"end":{"line":44,"column":13}},"28":{"start":{"line":47,"column":4},"end":{"line":50,"column":5}},"29":{"start":{"line":48,"column":6},"end":{"line":48,"column":73}},"30":{"start":{"line":49,"column":6},"end":{"line":49,"column":13}},"31":{"start":{"line":52,"column":4},"end":{"line":62,"column":5}},"32":{"start":{"line":53,"column":6},"end":{"line":57,"column":7}},"33":{"start":{"line":54,"column":8},"end":{"line":54,"column":65}},"34":{"start":{"line":56,"column":8},"end":{"line":56,"column":42}},"35":{"start":{"line":58,"column":6},"end":{"line":58,"column":134}},"36":{"start":{"line":59,"column":6},"end":{"line":59,"column":24}},"37":{"start":{"line":61,"column":6},"end":{"line":61,"column":79}},"38":{"start":{"line":65,"column":21},"end":{"line":68,"column":3}},"39":{"start":{"line":66,"column":4},"end":{"line":66,"column":22}},"40":{"start":{"line":67,"column":4},"end":{"line":67,"column":21}},"41":{"start":{"line":70,"column":23},"end":{"line":74,"column":3}},"42":{"start":{"line":71,"column":4},"end":{"line":73,"column":5}},"43":{"start":{"line":72,"column":6},"end":{"line":72,"column":38}},"44":{"start":{"line":76,"column":2},"end":{"line":141,"column":4}},"45":{"start":{"line":84,"column":35},"end":{"line":84,"column":51}},"46":{"start":{"line":105,"column":91},"end":{"line":105,"column":109}},"47":{"start":{"line":105,"column":110},"end":{"line":105,"column":238}},"48":{"start":{"line":125,"column":16},"end":{"line":125,"column":31}},"49":{"start":{"line":131,"column":85},"end":{"line":131,"column":98}},"50":{"start":{"line":132,"column":84},"end":{"line":132,"column":102}}},"fnMap":{"0":{"name":"Disponibilidade","decl":{"start":{"line":11,"column":24},"end":{"line":11,"column":39}},"loc":{"start":{"line":11,"column":39},"end":{"line":142,"column":1}}},"1":{"name":"(anonymous_2)","decl":{"start":{"line":29,"column":23},"end":{"line":29,"column":24}},"loc":{"start":{"line":29,"column":86},"end":{"line":36,"column":3}}},"2":{"name":"(anonymous_3)","decl":{"start":{"line":35,"column":12},"end":{"line":35,"column":13}},"loc":{"start":{"line":35,"column":18},"end":{"line":35,"column":46}}},"3":{"name":"(anonymous_4)","decl":{"start":{"line":38,"column":23},"end":{"line":38,"column":28}},"loc":{"start":{"line":38,"column":52},"end":{"line":63,"column":3}}},"4":{"name":"(anonymous_5)","decl":{"start":{"line":65,"column":21},"end":{"line":65,"column":22}},"loc":{"start":{"line":65,"column":32},"end":{"line":68,"column":3}}},"5":{"name":"(anonymous_6)","decl":{"start":{"line":70,"column":23},"end":{"line":70,"column":28}},"loc":{"start":{"line":70,"column":44},"end":{"line":74,"column":3}}},"6":{"name":"(anonymous_7)","decl":{"start":{"line":84,"column":30},"end":{"line":84,"column":31}},"loc":{"start":{"line":84,"column":35},"end":{"line":84,"column":51}}},"7":{"name":"(anonymous_8)","decl":{"start":{"line":105,"column":83},"end":{"line":105,"column":86}},"loc":{"start":{"line":105,"column":88},"end":{"line":105,"column":240}}},"8":{"name":"(anonymous_9)","decl":{"start":{"line":124,"column":25},"end":{"line":124,"column":26}},"loc":{"start":{"line":125,"column":16},"end":{"line":125,"column":31}}},"9":{"name":"(anonymous_10)","decl":{"start":{"line":131,"column":79},"end":{"line":131,"column":82}},"loc":{"start":{"line":131,"column":85},"end":{"line":131,"column":98}}},"10":{"name":"(anonymous_11)","decl":{"start":{"line":132,"column":78},"end":{"line":132,"column":81}},"loc":{"start":{"line":132,"column":84},"end":{"line":132,"column":102}}}},"branchMap":{"0":{"loc":{"start":{"line":20,"column":17},"end":{"line":20,"column":31}},"type":"binary-expr","locations":[{"start":{"line":20,"column":17},"end":{"line":20,"column":25}},{"start":{"line":20,"column":29},"end":{"line":20,"column":31}}]},"1":{"loc":{"start":{"line":32,"column":4},"end":{"line":34,"column":5}},"type":"if","locations":[{"start":{"line":32,"column":4},"end":{"line":34,"column":5}},{"start":{},"end":{}}]},"2":{"loc":{"start":{"line":32,"column":8},"end":{"line":32,"column":67}},"type":"binary-expr","locations":[{"start":{"line":32,"column":8},"end":{"line":32,"column":27}},{"start":{"line":32,"column":31},"end":{"line":32,"column":67}}]},"3":{"loc":{"start":{"line":42,"column":4},"end":{"line":45,"column":5}},"type":"if","locations":[{"start":{"line":42,"column":4},"end":{"line":45,"column":5}},{"start":{},"end":{}}]},"4":{"loc":{"start":{"line":42,"column":8},"end":{"line":42,"column":60}},"type":"binary-expr","locations":[{"start":{"line":42,"column":8},"end":{"line":42,"column":23}},{"start":{"line":42,"column":27},"end":{"line":42,"column":43}},{"start":{"line":42,"column":47},"end":{"line":42,"column":60}}]},"5":{"loc":{"start":{"line":47,"column":4},"end":{"line":50,"column":5}},"type":"if","locations":[{"start":{"line":47,"column":4},"end":{"line":50,"column":5}},{"start":{},"end":{}}]},"6":{"loc":{"start":{"line":53,"column":6},"end":{"line":57,"column":7}},"type":"if","locations":[{"start":{"line":53,"column":6},"end":{"line":57,"column":7}},{"start":{"line":55,"column":13},"end":{"line":57,"column":7}}]},"7":{"loc":{"start":{"line":58,"column":37},"end":{"line":58,"column":51}},"type":"binary-expr","locations":[{"start":{"line":58,"column":37},"end":{"line":58,"column":45}},{"start":{"line":58,"column":49},"end":{"line":58,"column":51}}]},"8":{"loc":{"start":{"line":71,"column":4},"end":{"line":73,"column":5}},"type":"if","locations":[{"start":{"line":71,"column":4},"end":{"line":73,"column":5}},{"start":{},"end":{}}]},"9":{"loc":{"start":{"line":100,"column":9},"end":{"line":100,"column":74}},"type":"binary-expr","locations":[{"start":{"line":100,"column":9},"end":{"line":100,"column":18}},{"start":{"line":100,"column":22},"end":{"line":100,"column":74}}]},"10":{"loc":{"start":{"line":102,"column":11},"end":{"line":102,"column":54}},"type":"cond-expr","locations":[{"start":{"line":102,"column":21},"end":{"line":102,"column":40}},{"start":{"line":102,"column":43},"end":{"line":102,"column":54}}]},"11":{"loc":{"start":{"line":104,"column":9},"end":{"line":107,"column":null}},"type":"binary-expr","locations":[{"start":{"line":104,"column":9},"end":{"line":104,"column":16}},{"start":{"line":105,"column":10},"end":{"line":105,"column":null}}]},"12":{"loc":{"start":{"line":105,"column":141},"end":{"line":105,"column":155}},"type":"binary-expr","locations":[{"start":{"line":105,"column":141},"end":{"line":105,"column":149}},{"start":{"line":105,"column":153},"end":{"line":105,"column":155}}]},"13":{"loc":{"start":{"line":111,"column":7},"end":{"line":138,"column":null}},"type":"cond-expr","locations":[{"start":{"line":111,"column":19},"end":{"line":111,"column":43}},{"start":{"line":111,"column":46},"end":{"line":138,"column":null}}]},"14":{"loc":{"start":{"line":111,"column":46},"end":{"line":138,"column":null}},"type":"cond-expr","locations":[{"start":{"line":111,"column":54},"end":{"line":111,"column":124}},{"start":{"line":112,"column":8},"end":{"line":137,"column":null}}]},"15":{"loc":{"start":{"line":129,"column":39},"end":{"line":129,"column":62}},"type":"cond-expr","locations":[{"start":{"line":129,"column":49},"end":{"line":129,"column":54}},{"start":{"line":129,"column":57},"end":{"line":129,"column":62}}]}},"s":{"0":1,"1":1,"2":1,"3":1,"4":1,"5":1,"6":1,"7":13,"8":13,"9":13,"10":13,"11":13,"12":13,"13":13,"14":13,"15":13,"16":4,"17":4,"18":4,"19":0,"20":4,"21":4,"22":13,"23":2,"24":2,"25":2,"26":0,"27":0,"28":2,"29":0,"30":0,"31":2,"32":2,"33":1,"34":1,"35":2,"36":2,"37":0,"38":13,"39":1,"40":1,"41":13,"42":1,"43":1,"44":13,"45":91,"46":0,"47":0,"48":7,"49":1,"50":1},"f":{"0":13,"1":4,"2":4,"3":2,"4":1,"5":1,"6":91,"7":0,"8":7,"9":1,"10":1},"b":{"0":[13,0],"1":[0,4],"2":[4,0],"3":[0,2],"4":[2,2,2],"5":[0,2],"6":[1,1],"7":[2,0],"8":[1,0],"9":[13,0],"10":[3,10],"11":[13,3],"12":[0,0],"13":[0,13],"14":[0,13],"15":[7,0]}}
,"C:\\Projetos\\agendamentos\\frontend\\src\\pages\\Relatorios.tsx": {"path":"C:\\Projetos\\agendamentos\\frontend\\src\\pages\\Relatorios.tsx","statementMap":{"0":{"start":{"line":26,"column":0},"end":{"line":26,"column":24}},"1":{"start":{"line":1,"column":0},"end":{"line":1,"column":44}},"2":{"start":{"line":2,"column":0},"end":{"line":2,"column":42}},"3":{"start":{"line":3,"column":0},"end":{"line":3,"column":96}},"4":{"start":{"line":4,"column":0},"end":{"line":4,"column":34}},"5":{"start":{"line":5,"column":0},"end":{"line":5,"column":55}},"6":{"start":{"line":27,"column":32},"end":{"line":27,"column":123}},"7":{"start":{"line":28,"column":28},"end":{"line":28,"column":64}},"8":{"start":{"line":29,"column":34},"end":{"line":29,"column":57}},"9":{"start":{"line":30,"column":32},"end":{"line":30,"column":47}},"10":{"start":{"line":31,"column":28},"end":{"line":31,"column":57}},"11":{"start":{"line":32,"column":38},"end":{"line":32,"column":53}},"12":{"start":{"line":34,"column":2},"end":{"line":38,"column":9}},"13":{"start":{"line":35,"column":4},"end":{"line":37,"column":36}},"14":{"start":{"line":36,"column":19},"end":{"line":36,"column":46}},"15":{"start":{"line":37,"column":19},"end":{"line":37,"column":34}},"16":{"start":{"line":40,"column":20},"end":{"line":43,"column":34}},"17":{"start":{"line":41,"column":4},"end":{"line":41,"column":23}},"18":{"start":{"line":42,"column":4},"end":{"line":42,"column":15}},"19":{"start":{"line":45,"column":30},"end":{"line":52,"column":3}},"20":{"start":{"line":46,"column":18},"end":{"line":46,"column":43}},"21":{"start":{"line":47,"column":4},"end":{"line":47,"column":33}},"22":{"start":{"line":47,"column":16},"end":{"line":47,"column":33}},"23":{"start":{"line":48,"column":18},"end":{"line":49,"column":null}},"24":{"start":{"line":49,"column":11},"end":{"line":49,"column":77}},"25":{"start":{"line":51,"column":4},"end":{"line":51,"column":21}},"26":{"start":{"line":54,"column":24},"end":{"line":60,"column":4}},"27":{"start":{"line":54,"column":31},"end":{"line":60,"column":4}},"28":{"start":{"line":62,"column":23},"end":{"line":65,"column":3}},"29":{"start":{"line":63,"column":28},"end":{"line":63,"column":36}},"30":{"start":{"line":64,"column":4},"end":{"line":64,"column":47}},"31":{"start":{"line":64,"column":21},"end":{"line":64,"column":44}},"32":{"start":{"line":67,"column":17},"end":{"line":86,"column":3}},"33":{"start":{"line":68,"column":4},"end":{"line":68,"column":30}},"34":{"start":{"line":68,"column":11},"end":{"line":68,"column":30}},"35":{"start":{"line":69,"column":4},"end":{"line":69,"column":21}},"36":{"start":{"line":70,"column":4},"end":{"line":70,"column":19}},"37":{"start":{"line":72,"column":4},"end":{"line":76,"column":5}},"38":{"start":{"line":73,"column":6},"end":{"line":73,"column":70}},"39":{"start":{"line":74,"column":6},"end":{"line":74,"column":24}},"40":{"start":{"line":75,"column":6},"end":{"line":75,"column":13}},"41":{"start":{"line":78,"column":4},"end":{"line":85,"column":5}},"42":{"start":{"line":79,"column":18},"end":{"line":79,"column":65}},"43":{"start":{"line":80,"column":6},"end":{"line":80,"column":37}},"44":{"start":{"line":82,"column":6},"end":{"line":82,"column":70}},"45":{"start":{"line":84,"column":6},"end":{"line":84,"column":24}},"46":{"start":{"line":88,"column":19},"end":{"line":105,"column":3}},"47":{"start":{"line":89,"column":4},"end":{"line":89,"column":24}},"48":{"start":{"line":90,"column":4},"end":{"line":90,"column":19}},"49":{"start":{"line":91,"column":4},"end":{"line":104,"column":5}},"50":{"start":{"line":92,"column":19},"end":{"line":92,"column":80}},"51":{"start":{"line":93,"column":18},"end":{"line":93,"column":62}},"52":{"start":{"line":94,"column":19},"end":{"line":94,"column":46}},"53":{"start":{"line":95,"column":6},"end":{"line":95,"column":22}},"54":{"start":{"line":96,"column":6},"end":{"line":96,"column":73}},"55":{"start":{"line":97,"column":6},"end":{"line":97,"column":38}},"56":{"start":{"line":98,"column":6},"end":{"line":98,"column":19}},"57":{"start":{"line":99,"column":6},"end":{"line":99,"column":41}},"58":{"start":{"line":101,"column":6},"end":{"line":101,"column":71}},"59":{"start":{"line":103,"column":6},"end":{"line":103,"column":27}},"60":{"start":{"line":107,"column":2},"end":{"line":166,"column":4}},"61":{"start":{"line":124,"column":132},"end":{"line":124,"column":147}},"62":{"start":{"line":125,"column":130},"end":{"line":125,"column":146}},"63":{"start":{"line":150,"column":18},"end":{"line":150,"column":33}}},"fnMap":{"0":{"name":"Relatorios","decl":{"start":{"line":26,"column":24},"end":{"line":26,"column":34}},"loc":{"start":{"line":26,"column":34},"end":{"line":167,"column":1}}},"1":{"name":"(anonymous_2)","decl":{"start":{"line":34,"column":12},"end":{"line":34,"column":15}},"loc":{"start":{"line":34,"column":17},"end":{"line":38,"column":3}}},"2":{"name":"(anonymous_3)","decl":{"start":{"line":36,"column":12},"end":{"line":36,"column":15}},"loc":{"start":{"line":36,"column":19},"end":{"line":36,"column":46}}},"3":{"name":"(anonymous_4)","decl":{"start":{"line":37,"column":13},"end":{"line":37,"column":16}},"loc":{"start":{"line":37,"column":19},"end":{"line":37,"column":34}}},"4":{"name":"(anonymous_5)","decl":{"start":{"line":40,"column":36},"end":{"line":40,"column":37}},"loc":{"start":{"line":40,"column":47},"end":{"line":43,"column":3}}},"5":{"name":"(anonymous_6)","decl":{"start":{"line":45,"column":30},"end":{"line":45,"column":31}},"loc":{"start":{"line":45,"column":62},"end":{"line":52,"column":3}}},"6":{"name":"(anonymous_7)","decl":{"start":{"line":49,"column":6},"end":{"line":49,"column":7}},"loc":{"start":{"line":49,"column":11},"end":{"line":49,"column":77}}},"7":{"name":"(anonymous_8)","decl":{"start":{"line":54,"column":24},"end":{"line":54,"column":27}},"loc":{"start":{"line":54,"column":31},"end":{"line":60,"column":4}}},"8":{"name":"(anonymous_9)","decl":{"start":{"line":62,"column":23},"end":{"line":62,"column":24}},"loc":{"start":{"line":62,"column":86},"end":{"line":65,"column":3}}},"9":{"name":"(anonymous_10)","decl":{"start":{"line":64,"column":15},"end":{"line":64,"column":16}},"loc":{"start":{"line":64,"column":21},"end":{"line":64,"column":44}}},"10":{"name":"(anonymous_11)","decl":{"start":{"line":67,"column":17},"end":{"line":67,"column":22}},"loc":{"start":{"line":67,"column":47},"end":{"line":86,"column":3}}},"11":{"name":"(anonymous_12)","decl":{"start":{"line":88,"column":19},"end":{"line":88,"column":24}},"loc":{"start":{"line":88,"column":53},"end":{"line":105,"column":3}}},"12":{"name":"(anonymous_13)","decl":{"start":{"line":124,"column":126},"end":{"line":124,"column":129}},"loc":{"start":{"line":124,"column":132},"end":{"line":124,"column":147}}},"13":{"name":"(anonymous_14)","decl":{"start":{"line":125,"column":124},"end":{"line":125,"column":127}},"loc":{"start":{"line":125,"column":130},"end":{"line":125,"column":146}}},"14":{"name":"(anonymous_15)","decl":{"start":{"line":149,"column":26},"end":{"line":149,"column":27}},"loc":{"start":{"line":150,"column":18},"end":{"line":150,"column":33}}}},"branchMap":{"0":{"loc":{"start":{"line":36,"column":31},"end":{"line":36,"column":45}},"type":"binary-expr","locations":[{"start":{"line":36,"column":31},"end":{"line":36,"column":39}},{"start":{"line":36,"column":43},"end":{"line":36,"column":45}}]},"1":{"loc":{"start":{"line":47,"column":4},"end":{"line":47,"column":33}},"type":"if","locations":[{"start":{"line":47,"column":4},"end":{"line":47,"column":33}},{"start":{},"end":{}}]},"2":{"loc":{"start":{"line":49,"column":11},"end":{"line":49,"column":77}},"type":"binary-expr","locations":[{"start":{"line":49,"column":12},"end":{"line":49,"column":17}},{"start":{"line":49,"column":21},"end":{"line":49,"column":36}},{"start":{"line":49,"column":41},"end":{"line":49,"column":77}}]},"3":{"loc":{"start":{"line":57,"column":12},"end":{"line":57,"column":39}},"type":"binary-expr","locations":[{"start":{"line":57,"column":12},"end":{"line":57,"column":26}},{"start":{"line":57,"column":30},"end":{"line":57,"column":39}}]},"4":{"loc":{"start":{"line":58,"column":16},"end":{"line":58,"column":47}},"type":"binary-expr","locations":[{"start":{"line":58,"column":16},"end":{"line":58,"column":34}},{"start":{"line":58,"column":38},"end":{"line":58,"column":47}}]},"5":{"loc":{"start":{"line":59,"column":13},"end":{"line":59,"column":41}},"type":"binary-expr","locations":[{"start":{"line":59,"column":13},"end":{"line":59,"column":28}},{"start":{"line":59,"column":32},"end":{"line":59,"column":41}}]},"6":{"loc":{"start":{"line":68,"column":4},"end":{"line":68,"column":30}},"type":"if","locations":[{"start":{"line":68,"column":4},"end":{"line":68,"column":30}},{"start":{},"end":{}}]},"7":{"loc":{"start":{"line":72,"column":4},"end":{"line":76,"column":5}},"type":"if","locations":[{"start":{"line":72,"column":4},"end":{"line":76,"column":5}},{"start":{},"end":{}}]},"8":{"loc":{"start":{"line":72,"column":8},"end":{"line":72,"column":85}},"type":"binary-expr","locations":[{"start":{"line":72,"column":8},"end":{"line":72,"column":26}},{"start":{"line":72,"column":30},"end":{"line":72,"column":45}},{"start":{"line":72,"column":49},"end":{"line":72,"column":85}}]},"9":{"loc":{"start":{"line":80,"column":15},"end":{"line":80,"column":35}},"type":"binary-expr","locations":[{"start":{"line":80,"column":15},"end":{"line":80,"column":29}},{"start":{"line":80,"column":33},"end":{"line":80,"column":35}}]},"10":{"loc":{"start":{"line":127,"column":7},"end":{"line":163,"column":null}},"type":"cond-expr","locations":[{"start":{"line":128,"column":8},"end":{"line":128,"column":32}},{"start":{"line":129,"column":10},"end":{"line":163,"column":null}}]},"11":{"loc":{"start":{"line":129,"column":10},"end":{"line":163,"column":null}},"type":"cond-expr","locations":[{"start":{"line":130,"column":8},"end":{"line":130,"column":51}},{"start":{"line":132,"column":8},"end":{"line":162,"column":null}}]},"12":{"loc":{"start":{"line":146,"column":15},"end":{"line":159,"column":null}},"type":"cond-expr","locations":[{"start":{"line":147,"column":16},"end":{"line":147,"column":102}},{"start":{"line":149,"column":16},"end":{"line":159,"column":18}}]},"13":{"loc":{"start":{"line":152,"column":41},"end":{"line":152,"column":117}},"type":"binary-expr","locations":[{"start":{"line":152,"column":41},"end":{"line":152,"column":54}},{"start":{"line":152,"column":59},"end":{"line":152,"column":116}}]},"14":{"loc":{"start":{"line":152,"column":59},"end":{"line":152,"column":116}},"type":"cond-expr","locations":[{"start":{"line":152,"column":73},"end":{"line":152,"column":110}},{"start":{"line":152,"column":113},"end":{"line":152,"column":116}}]},"15":{"loc":{"start":{"line":152,"column":73},"end":{"line":152,"column":110}},"type":"binary-expr","locations":[{"start":{"line":152,"column":73},"end":{"line":152,"column":95}},{"start":{"line":152,"column":99},"end":{"line":152,"column":110}}]},"16":{"loc":{"start":{"line":153,"column":41},"end":{"line":153,"column":125}},"type":"binary-expr","locations":[{"start":{"line":153,"column":41},"end":{"line":153,"column":56}},{"start":{"line":153,"column":61},"end":{"line":153,"column":124}}]},"17":{"loc":{"start":{"line":153,"column":61},"end":{"line":153,"column":124}},"type":"cond-expr","locations":[{"start":{"line":153,"column":77},"end":{"line":153,"column":118}},{"start":{"line":153,"column":121},"end":{"line":153,"column":124}}]},"18":{"loc":{"start":{"line":153,"column":77},"end":{"line":153,"column":118}},"type":"binary-expr","locations":[{"start":{"line":153,"column":77},"end":{"line":153,"column":101}},{"start":{"line":153,"column":105},"end":{"line":153,"column":118}}]}},"s":{"0":1,"1":1,"2":1,"3":1,"4":1,"5":1,"6":6,"7":6,"8":6,"9":6,"10":6,"11":6,"12":6,"13":2,"14":0,"15":0,"16":6,"17":0,"18":0,"19":6,"20":4,"21":4,"22":4,"23":0,"24":0,"25":0,"26":6,"27":2,"28":6,"29":0,"30":0,"31":0,"32":6,"33":1,"34":1,"35":1,"36":1,"37":1,"38":0,"39":0,"40":0,"41":1,"42":1,"43":1,"44":0,"45":1,"46":6,"47":1,"48":1,"49":1,"50":1,"51":1,"52":0,"53":0,"54":0,"55":0,"56":0,"57":0,"58":1,"59":1,"60":6,"61":1,"62":0,"63":1},"f":{"0":6,"1":2,"2":0,"3":0,"4":0,"5":4,"6":0,"7":2,"8":0,"9":0,"10":1,"11":1,"12":1,"13":0,"14":1},"b":{"0":[0,0],"1":[4,0],"2":[0,0,0],"3":[2,2],"4":[2,2],"5":[2,2],"6":[1,0],"7":[0,1],"8":[1,0,0],"9":[1,0],"10":[1,5],"11":[1,4],"12":[3,1],"13":[1,0],"14":[0,0],"15":[0,0],"16":[1,0],"17":[0,0],"18":[0,0]}}
,"C:\\Projetos\\agendamentos\\frontend\\src\\pages\\UsuarioForm.tsx": {"path":"C:\\Projetos\\agendamentos\\frontend\\src\\pages\\UsuarioForm.tsx","statementMap":{"0":{"start":{"line":14,"column":0},"end":{"line":14,"column":24}},"1":{"start":{"line":1,"column":0},"end":{"line":1,"column":52}},"2":{"start":{"line":2,"column":0},"end":{"line":2,"column":58}},"3":{"start":{"line":3,"column":0},"end":{"line":3,"column":41}},"4":{"start":{"line":4,"column":0},"end":{"line":4,"column":34}},"5":{"start":{"line":5,"column":0},"end":{"line":5,"column":40}},"6":{"start":{"line":8,"column":17},"end":{"line":8,"column":41}},"7":{"start":{"line":9,"column":2},"end":{"line":9,"column":41}},"8":{"start":{"line":9,"column":28},"end":{"line":9,"column":41}},"9":{"start":{"line":10,"column":2},"end":{"line":10,"column":48}},"10":{"start":{"line":10,"column":35},"end":{"line":10,"column":48}},"11":{"start":{"line":11,"column":2},"end":{"line":11,"column":14}},"12":{"start":{"line":15,"column":17},"end":{"line":15,"column":28}},"13":{"start":{"line":16,"column":19},"end":{"line":16,"column":32}},"14":{"start":{"line":17,"column":19},"end":{"line":17,"column":28}},"15":{"start":{"line":18,"column":17},"end":{"line":18,"column":21}},"16":{"start":{"line":19,"column":18},"end":{"line":19,"column":48}},"17":{"start":{"line":20,"column":26},"end":{"line":31,"column":4}},"18":{"start":{"line":32,"column":28},"end":{"line":32,"column":40}},"19":{"start":{"line":33,"column":32},"end":{"line":33,"column":44}},"20":{"start":{"line":34,"column":32},"end":{"line":34,"column":47}},"21":{"start":{"line":35,"column":29},"end":{"line":35,"column":79}},"22":{"start":{"line":37,"column":2},"end":{"line":43,"column":9}},"23":{"start":{"line":38,"column":4},"end":{"line":42,"column":6}},"24":{"start":{"line":39,"column":6},"end":{"line":41,"column":7}},"25":{"start":{"line":40,"column":8},"end":{"line":40,"column":49}},"26":{"start":{"line":45,"column":2},"end":{"line":52,"column":11}},"27":{"start":{"line":46,"column":4},"end":{"line":50,"column":5}},"28":{"start":{"line":47,"column":6},"end":{"line":49,"column":9}},"29":{"start":{"line":48,"column":8},"end":{"line":48,"column":72}},"30":{"start":{"line":54,"column":23},"end":{"line":62,"column":3}},"31":{"start":{"line":55,"column":34},"end":{"line":55,"column":42}},"32":{"start":{"line":56,"column":4},"end":{"line":61,"column":5}},"33":{"start":{"line":57,"column":23},"end":{"line":57,"column":60}},"34":{"start":{"line":58,"column":6},"end":{"line":58,"column":48}},"35":{"start":{"line":58,"column":20},"end":{"line":58,"column":45}},"36":{"start":{"line":60,"column":6},"end":{"line":60,"column":46}},"37":{"start":{"line":60,"column":20},"end":{"line":60,"column":43}},"38":{"start":{"line":64,"column":23},"end":{"line":79,"column":3}},"39":{"start":{"line":65,"column":4},"end":{"line":65,"column":55}},"40":{"start":{"line":65,"column":27},"end":{"line":65,"column":55}},"41":{"start":{"line":66,"column":4},"end":{"line":66,"column":58}},"42":{"start":{"line":66,"column":28},"end":{"line":66,"column":58}},"43":{"start":{"line":67,"column":4},"end":{"line":67,"column":82}},"44":{"start":{"line":67,"column":57},"end":{"line":67,"column":82}},"45":{"start":{"line":68,"column":4},"end":{"line":68,"column":61}},"46":{"start":{"line":68,"column":32},"end":{"line":68,"column":61}},"47":{"start":{"line":69,"column":4},"end":{"line":69,"column":88}},"48":{"start":{"line":69,"column":42},"end":{"line":69,"column":88}},"49":{"start":{"line":70,"column":4},"end":{"line":70,"column":86}},"50":{"start":{"line":70,"column":54},"end":{"line":70,"column":86}},"51":{"start":{"line":71,"column":4},"end":{"line":77,"column":5}},"52":{"start":{"line":72,"column":6},"end":{"line":72,"column":48}},"53":{"start":{"line":72,"column":21},"end":{"line":72,"column":48}},"54":{"start":{"line":73,"column":6},"end":{"line":73,"column":60}},"55":{"start":{"line":73,"column":38},"end":{"line":73,"column":60}},"56":{"start":{"line":74,"column":6},"end":{"line":74,"column":72}},"57":{"start":{"line":74,"column":32},"end":{"line":74,"column":72}},"58":{"start":{"line":75,"column":6},"end":{"line":75,"column":58}},"59":{"start":{"line":75,"column":26},"end":{"line":75,"column":58}},"60":{"start":{"line":76,"column":6},"end":{"line":76,"column":88}},"61":{"start":{"line":76,"column":61},"end":{"line":76,"column":88}},"62":{"start":{"line":78,"column":4},"end":{"line":78,"column":14}},"63":{"start":{"line":81,"column":23},"end":{"line":106,"column":3}},"64":{"start":{"line":82,"column":4},"end":{"line":82,"column":23}},"65":{"start":{"line":83,"column":4},"end":{"line":83,"column":19}},"66":{"start":{"line":84,"column":28},"end":{"line":84,"column":42}},"67":{"start":{"line":85,"column":4},"end":{"line":88,"column":5}},"68":{"start":{"line":86,"column":6},"end":{"line":86,"column":32}},"69":{"start":{"line":87,"column":6},"end":{"line":87,"column":13}},"70":{"start":{"line":89,"column":4},"end":{"line":89,"column":17}},"71":{"start":{"line":90,"column":4},"end":{"line":90,"column":21}},"72":{"start":{"line":91,"column":4},"end":{"line":105,"column":5}},"73":{"start":{"line":92,"column":6},"end":{"line":98,"column":7}},"74":{"start":{"line":93,"column":8},"end":{"line":93,"column":47}},"75":{"start":{"line":94,"column":8},"end":{"line":94,"column":54}},"76":{"start":{"line":96,"column":8},"end":{"line":96,"column":42}},"77":{"start":{"line":97,"column":8},"end":{"line":97,"column":54}},"78":{"start":{"line":100,"column":6},"end":{"line":100,"column":81}},"79":{"start":{"line":100,"column":52},"end":{"line":100,"column":73}},"80":{"start":{"line":102,"column":6},"end":{"line":102,"column":70}},"81":{"start":{"line":104,"column":6},"end":{"line":104,"column":24}},"82":{"start":{"line":108,"column":2},"end":{"line":169,"column":4}},"83":{"start":{"line":166,"column":45},"end":{"line":166,"column":66}}},"fnMap":{"0":{"name":"isValidCpfValue","decl":{"start":{"line":7,"column":9},"end":{"line":7,"column":24}},"loc":{"start":{"line":7,"column":38},"end":{"line":12,"column":1}}},"1":{"name":"UsuarioForm","decl":{"start":{"line":14,"column":24},"end":{"line":14,"column":35}},"loc":{"start":{"line":14,"column":35},"end":{"line":170,"column":1}}},"2":{"name":"(anonymous_3)","decl":{"start":{"line":37,"column":12},"end":{"line":37,"column":15}},"loc":{"start":{"line":37,"column":17},"end":{"line":43,"column":3}}},"3":{"name":"(anonymous_4)","decl":{"start":{"line":38,"column":11},"end":{"line":38,"column":14}},"loc":{"start":{"line":38,"column":16},"end":{"line":42,"column":5}}},"4":{"name":"(anonymous_5)","decl":{"start":{"line":45,"column":12},"end":{"line":45,"column":15}},"loc":{"start":{"line":45,"column":17},"end":{"line":52,"column":3}}},"5":{"name":"(anonymous_6)","decl":{"start":{"line":47,"column":38},"end":{"line":47,"column":41}},"loc":{"start":{"line":47,"column":44},"end":{"line":49,"column":7}}},"6":{"name":"(anonymous_7)","decl":{"start":{"line":54,"column":23},"end":{"line":54,"column":24}},"loc":{"start":{"line":54,"column":108},"end":{"line":62,"column":3}}},"7":{"name":"(anonymous_8)","decl":{"start":{"line":58,"column":14},"end":{"line":58,"column":15}},"loc":{"start":{"line":58,"column":20},"end":{"line":58,"column":45}}},"8":{"name":"(anonymous_9)","decl":{"start":{"line":60,"column":14},"end":{"line":60,"column":15}},"loc":{"start":{"line":60,"column":20},"end":{"line":60,"column":43}}},"9":{"name":"(anonymous_10)","decl":{"start":{"line":64,"column":23},"end":{"line":64,"column":26}},"loc":{"start":{"line":64,"column":28},"end":{"line":79,"column":3}}},"10":{"name":"(anonymous_11)","decl":{"start":{"line":81,"column":23},"end":{"line":81,"column":28}},"loc":{"start":{"line":81,"column":52},"end":{"line":106,"column":3}}},"11":{"name":"(anonymous_12)","decl":{"start":{"line":100,"column":46},"end":{"line":100,"column":49}},"loc":{"start":{"line":100,"column":52},"end":{"line":100,"column":73}}},"12":{"name":"(anonymous_13)","decl":{"start":{"line":166,"column":39},"end":{"line":166,"column":42}},"loc":{"start":{"line":166,"column":45},"end":{"line":166,"column":66}}}},"branchMap":{"0":{"loc":{"start":{"line":9,"column":2},"end":{"line":9,"column":41}},"type":"if","locations":[{"start":{"line":9,"column":2},"end":{"line":9,"column":41}},{"start":{},"end":{}}]},"1":{"loc":{"start":{"line":10,"column":2},"end":{"line":10,"column":48}},"type":"if","locations":[{"start":{"line":10,"column":2},"end":{"line":10,"column":48}},{"start":{},"end":{}}]},"2":{"loc":{"start":{"line":39,"column":6},"end":{"line":41,"column":7}},"type":"if","locations":[{"start":{"line":39,"column":6},"end":{"line":41,"column":7}},{"start":{},"end":{}}]},"3":{"loc":{"start":{"line":46,"column":4},"end":{"line":50,"column":5}},"type":"if","locations":[{"start":{"line":46,"column":4},"end":{"line":50,"column":5}},{"start":{},"end":{}}]},"4":{"loc":{"start":{"line":56,"column":4},"end":{"line":61,"column":5}},"type":"if","locations":[{"start":{"line":56,"column":4},"end":{"line":61,"column":5}},{"start":{"line":59,"column":11},"end":{"line":61,"column":5}}]},"5":{"loc":{"start":{"line":65,"column":4},"end":{"line":65,"column":55}},"type":"if","locations":[{"start":{"line":65,"column":4},"end":{"line":65,"column":55}},{"start":{},"end":{}}]},"6":{"loc":{"start":{"line":66,"column":4},"end":{"line":66,"column":58}},"type":"if","locations":[{"start":{"line":66,"column":4},"end":{"line":66,"column":58}},{"start":{},"end":{}}]},"7":{"loc":{"start":{"line":67,"column":4},"end":{"line":67,"column":82}},"type":"if","locations":[{"start":{"line":67,"column":4},"end":{"line":67,"column":82}},{"start":{},"end":{}}]},"8":{"loc":{"start":{"line":68,"column":4},"end":{"line":68,"column":61}},"type":"if","locations":[{"start":{"line":68,"column":4},"end":{"line":68,"column":61}},{"start":{},"end":{}}]},"9":{"loc":{"start":{"line":68,"column":8},"end":{"line":68,"column":30}},"type":"binary-expr","locations":[{"start":{"line":68,"column":8},"end":{"line":68,"column":15}},{"start":{"line":68,"column":19},"end":{"line":68,"column":30}}]},"10":{"loc":{"start":{"line":69,"column":4},"end":{"line":69,"column":88}},"type":"if","locations":[{"start":{"line":69,"column":4},"end":{"line":69,"column":88}},{"start":{},"end":{}}]},"11":{"loc":{"start":{"line":69,"column":8},"end":{"line":69,"column":40}},"type":"binary-expr","locations":[{"start":{"line":69,"column":8},"end":{"line":69,"column":15}},{"start":{"line":69,"column":19},"end":{"line":69,"column":40}}]},"12":{"loc":{"start":{"line":70,"column":4},"end":{"line":70,"column":86}},"type":"if","locations":[{"start":{"line":70,"column":4},"end":{"line":70,"column":86}},{"start":{},"end":{}}]},"13":{"loc":{"start":{"line":70,"column":8},"end":{"line":70,"column":52}},"type":"binary-expr","locations":[{"start":{"line":70,"column":8},"end":{"line":70,"column":15}},{"start":{"line":70,"column":19},"end":{"line":70,"column":52}}]},"14":{"loc":{"start":{"line":71,"column":4},"end":{"line":77,"column":5}},"type":"if","locations":[{"start":{"line":71,"column":4},"end":{"line":77,"column":5}},{"start":{},"end":{}}]},"15":{"loc":{"start":{"line":72,"column":6},"end":{"line":72,"column":48}},"type":"if","locations":[{"start":{"line":72,"column":6},"end":{"line":72,"column":48}},{"start":{},"end":{}}]},"16":{"loc":{"start":{"line":73,"column":6},"end":{"line":73,"column":60}},"type":"if","locations":[{"start":{"line":73,"column":6},"end":{"line":73,"column":60}},{"start":{},"end":{}}]},"17":{"loc":{"start":{"line":74,"column":6},"end":{"line":74,"column":72}},"type":"if","locations":[{"start":{"line":74,"column":6},"end":{"line":74,"column":72}},{"start":{},"end":{}}]},"18":{"loc":{"start":{"line":75,"column":6},"end":{"line":75,"column":58}},"type":"if","locations":[{"start":{"line":75,"column":6},"end":{"line":75,"column":58}},{"start":{},"end":{}}]},"19":{"loc":{"start":{"line":76,"column":6},"end":{"line":76,"column":88}},"type":"if","locations":[{"start":{"line":76,"column":6},"end":{"line":76,"column":88}},{"start":{},"end":{}}]},"20":{"loc":{"start":{"line":85,"column":4},"end":{"line":88,"column":5}},"type":"if","locations":[{"start":{"line":85,"column":4},"end":{"line":88,"column":5}},{"start":{},"end":{}}]},"21":{"loc":{"start":{"line":92,"column":6},"end":{"line":98,"column":7}},"type":"if","locations":[{"start":{"line":92,"column":6},"end":{"line":98,"column":7}},{"start":{"line":95,"column":13},"end":{"line":98,"column":7}}]},"22":{"loc":{"start":{"line":102,"column":15},"end":{"line":102,"column":68}},"type":"binary-expr","locations":[{"start":{"line":102,"column":15},"end":{"line":102,"column":40}},{"start":{"line":102,"column":44},"end":{"line":102,"column":68}}]},"23":{"loc":{"start":{"line":111,"column":48},"end":{"line":111,"column":90}},"type":"cond-expr","locations":[{"start":{"line":111,"column":57},"end":{"line":111,"column":73}},{"start":{"line":111,"column":76},"end":{"line":111,"column":90}}]},"24":{"loc":{"start":{"line":113,"column":121},"end":{"line":113,"column":167}},"type":"cond-expr","locations":[{"start":{"line":113,"column":146},"end":{"line":113,"column":162}},{"start":{"line":113,"column":165},"end":{"line":113,"column":167}}]},"25":{"loc":{"start":{"line":114,"column":9},"end":{"line":119,"column":null}},"type":"binary-expr","locations":[{"start":{"line":114,"column":9},"end":{"line":114,"column":16}},{"start":{"line":115,"column":10},"end":{"line":118,"column":null}}]},"26":{"loc":{"start":{"line":122,"column":125},"end":{"line":122,"column":173}},"type":"cond-expr","locations":[{"start":{"line":122,"column":152},"end":{"line":122,"column":168}},{"start":{"line":122,"column":171},"end":{"line":122,"column":173}}]},"27":{"loc":{"start":{"line":123,"column":9},"end":{"line":129,"column":null}},"type":"binary-expr","locations":[{"start":{"line":123,"column":9},"end":{"line":123,"column":16}},{"start":{"line":124,"column":10},"end":{"line":128,"column":null}}]},"28":{"loc":{"start":{"line":126,"column":128},"end":{"line":126,"column":175}},"type":"cond-expr","locations":[{"start":{"line":126,"column":154},"end":{"line":126,"column":170}},{"start":{"line":126,"column":173},"end":{"line":126,"column":175}}]},"29":{"loc":{"start":{"line":128,"column":155},"end":{"line":128,"column":202}},"type":"cond-expr","locations":[{"start":{"line":128,"column":181},"end":{"line":128,"column":197}},{"start":{"line":128,"column":200},"end":{"line":128,"column":202}}]},"30":{"loc":{"start":{"line":131,"column":9},"end":{"line":158,"column":null}},"type":"binary-expr","locations":[{"start":{"line":131,"column":9},"end":{"line":131,"column":32}},{"start":{"line":132,"column":10},"end":{"line":157,"column":null}}]},"31":{"loc":{"start":{"line":140,"column":47},"end":{"line":140,"column":92}},"type":"cond-expr","locations":[{"start":{"line":140,"column":71},"end":{"line":140,"column":87}},{"start":{"line":140,"column":90},"end":{"line":140,"column":92}}]},"32":{"loc":{"start":{"line":144,"column":159},"end":{"line":144,"column":211}},"type":"cond-expr","locations":[{"start":{"line":144,"column":190},"end":{"line":144,"column":206}},{"start":{"line":144,"column":209},"end":{"line":144,"column":211}}]},"33":{"loc":{"start":{"line":152,"column":47},"end":{"line":152,"column":97}},"type":"cond-expr","locations":[{"start":{"line":152,"column":76},"end":{"line":152,"column":92}},{"start":{"line":152,"column":95},"end":{"line":152,"column":97}}]},"34":{"loc":{"start":{"line":160,"column":9},"end":{"line":160,"column":94}},"type":"binary-expr","locations":[{"start":{"line":160,"column":9},"end":{"line":160,"column":14}},{"start":{"line":160,"column":18},"end":{"line":160,"column":94}}]},"35":{"loc":{"start":{"line":161,"column":9},"end":{"line":161,"column":89}},"type":"binary-expr","locations":[{"start":{"line":161,"column":9},"end":{"line":161,"column":16}},{"start":{"line":161,"column":20},"end":{"line":161,"column":89}}]},"36":{"loc":{"start":{"line":163,"column":11},"end":{"line":163,"column":152}},"type":"binary-expr","locations":[{"start":{"line":163,"column":11},"end":{"line":163,"column":18}},{"start":{"line":163,"column":22},"end":{"line":163,"column":152}}]},"37":{"loc":{"start":{"line":164,"column":11},"end":{"line":164,"column":45}},"type":"cond-expr","locations":[{"start":{"line":164,"column":21},"end":{"line":164,"column":34}},{"start":{"line":164,"column":37},"end":{"line":164,"column":45}}]}},"s":{"0":1,"1":1,"2":1,"3":1,"4":1,"5":1,"6":3,"7":3,"8":0,"9":3,"10":1,"11":2,"12":30,"13":30,"14":30,"15":30,"16":30,"17":30,"18":30,"19":30,"20":30,"21":30,"22":30,"23":4,"24":4,"25":1,"26":30,"27":4,"28":0,"29":0,"30":30,"31":21,"32":21,"33":0,"34":0,"35":0,"36":21,"37":21,"38":30,"39":4,"40":1,"41":3,"42":0,"43":3,"44":0,"45":3,"46":0,"47":3,"48":0,"49":3,"50":0,"51":3,"52":3,"53":0,"54":3,"55":1,"56":2,"57":0,"58":2,"59":0,"60":2,"61":1,"62":1,"63":30,"64":4,"65":4,"66":4,"67":4,"68":3,"69":3,"70":1,"71":1,"72":1,"73":1,"74":0,"75":0,"76":1,"77":1,"78":1,"79":0,"80":0,"81":1,"82":30,"83":0},"f":{"0":3,"1":30,"2":4,"3":4,"4":4,"5":0,"6":21,"7":0,"8":21,"9":4,"10":4,"11":0,"12":0},"b":{"0":[0,3],"1":[1,2],"2":[1,3],"3":[0,4],"4":[0,21],"5":[1,3],"6":[0,3],"7":[0,3],"8":[0,3],"9":[3,3],"10":[0,3],"11":[3,3],"12":[0,3],"13":[3,3],"14":[3,0],"15":[0,3],"16":[1,2],"17":[0,2],"18":[0,2],"19":[1,1],"20":[3,1],"21":[0,1],"22":[0,0],"23":[0,30],"24":[1,29],"25":[30,30],"26":[0,30],"27":[30,30],"28":[0,30],"29":[0,30],"30":[30,30],"31":[1,29],"32":[0,30],"33":[1,29],"34":[30,3],"35":[30,1],"36":[30,1],"37":[1,29]}}
,"C:\\Projetos\\agendamentos\\frontend\\src\\services\\api.ts": {"path":"C:\\Projetos\\agendamentos\\frontend\\src\\services\\api.ts","statementMap":{"0":{"start":{"line":1,"column":0},"end":{"line":1,"column":26}},"1":{"start":{"line":2,"column":0},"end":{"line":2,"column":45}},"2":{"start":{"line":5,"column":2},"end":{"line":7,"column":25}},"3":{"start":{"line":9,"column":13},"end":{"line":12,"column":3}},"4":{"start":{"line":14,"column":0},"end":{"line":18,"column":3}},"5":{"start":{"line":15,"column":16},"end":{"line":15,"column":45}},"6":{"start":{"line":16,"column":2},"end":{"line":16,"column":62}},"7":{"start":{"line":16,"column":13},"end":{"line":16,"column":62}},"8":{"start":{"line":17,"column":2},"end":{"line":17,"column":16}},"9":{"start":{"line":20,"column":0},"end":{"line":34,"column":2}},"10":{"start":{"line":21,"column":16},"end":{"line":21,"column":24}},"11":{"start":{"line":23,"column":4},"end":{"line":29,"column":5}},"12":{"start":{"line":24,"column":6},"end":{"line":24,"column":39}},"13":{"start":{"line":25,"column":6},"end":{"line":25,"column":38}},"14":{"start":{"line":26,"column":6},"end":{"line":28,"column":7}},"15":{"start":{"line":27,"column":8},"end":{"line":27,"column":40}},"16":{"start":{"line":31,"column":4},"end":{"line":31,"column":54}},"17":{"start":{"line":32,"column":4},"end":{"line":32,"column":33}},"18":{"start":{"line":36,"column":0},"end":{"line":36,"column":19}}},"fnMap":{"0":{"name":"(anonymous_1)","decl":{"start":{"line":14,"column":29},"end":{"line":14,"column":30}},"loc":{"start":{"line":14,"column":40},"end":{"line":18,"column":1}}},"1":{"name":"(anonymous_2)","decl":{"start":{"line":21,"column":2},"end":{"line":21,"column":3}},"loc":{"start":{"line":21,"column":16},"end":{"line":21,"column":24}}},"2":{"name":"(anonymous_3)","decl":{"start":{"line":22,"column":2},"end":{"line":22,"column":3}},"loc":{"start":{"line":22,"column":12},"end":{"line":33,"column":3}}}},"branchMap":{"0":{"loc":{"start":{"line":5,"column":2},"end":{"line":7,"column":25}},"type":"binary-expr","locations":[{"start":{"line":5,"column":3},"end":{"line":5,"column":72}},{"start":{"line":6,"column":3},"end":{"line":6,"column":74}},{"start":{"line":7,"column":2},"end":{"line":7,"column":25}}]},"1":{"loc":{"start":{"line":5,"column":3},"end":{"line":5,"column":72}},"type":"cond-expr","locations":[{"start":{"line":5,"column":36},"end":{"line":5,"column":60}},{"start":{"line":5,"column":63},"end":{"line":5,"column":72}}]},"2":{"loc":{"start":{"line":6,"column":3},"end":{"line":6,"column":74}},"type":"cond-expr","locations":[{"start":{"line":6,"column":36},"end":{"line":6,"column":62}},{"start":{"line":6,"column":65},"end":{"line":6,"column":74}}]},"3":{"loc":{"start":{"line":16,"column":2},"end":{"line":16,"column":62}},"type":"if","locations":[{"start":{"line":16,"column":2},"end":{"line":16,"column":62}},{"start":{},"end":{}}]},"4":{"loc":{"start":{"line":23,"column":4},"end":{"line":29,"column":5}},"type":"if","locations":[{"start":{"line":23,"column":4},"end":{"line":29,"column":5}},{"start":{},"end":{}}]},"5":{"loc":{"start":{"line":26,"column":6},"end":{"line":28,"column":7}},"type":"if","locations":[{"start":{"line":26,"column":6},"end":{"line":28,"column":7}},{"start":{},"end":{}}]},"6":{"loc":{"start":{"line":26,"column":10},"end":{"line":26,"column":80}},"type":"binary-expr","locations":[{"start":{"line":26,"column":10},"end":{"line":26,"column":39}},{"start":{"line":26,"column":43},"end":{"line":26,"column":80}}]}},"s":{"0":5,"1":5,"2":5,"3":5,"4":5,"5":2,"6":2,"7":0,"8":2,"9":5,"10":0,"11":0,"12":0,"13":0,"14":0,"15":0,"16":0,"17":0,"18":5},"f":{"0":2,"1":0,"2":0},"b":{"0":[5,5,5],"1":[5,0],"2":[5,0],"3":[0,2],"4":[0,0],"5":[0,0],"6":[0,0]}}
,"C:\\Projetos\\agendamentos\\frontend\\src\\services\\disponibilidade.ts": {"path":"C:\\Projetos\\agendamentos\\frontend\\src\\services\\disponibilidade.ts","statementMap":{"0":{"start":{"line":1,"column":0},"end":{"line":1,"column":24}},"1":{"start":{"line":20,"column":35},"end":{"line":23,"column":1}},"2":{"start":{"line":21,"column":14},"end":{"line":21,"column":67}},"3":{"start":{"line":22,"column":2},"end":{"line":22,"column":18}},"4":{"start":{"line":20,"column":13},"end":{"line":20,"column":35}},"5":{"start":{"line":25,"column":37},"end":{"line":28,"column":1}},"6":{"start":{"line":26,"column":14},"end":{"line":26,"column":72}},"7":{"start":{"line":27,"column":2},"end":{"line":27,"column":18}},"8":{"start":{"line":25,"column":13},"end":{"line":25,"column":37}},"9":{"start":{"line":30,"column":37},"end":{"line":33,"column":1}},"10":{"start":{"line":31,"column":14},"end":{"line":31,"column":77}},"11":{"start":{"line":32,"column":2},"end":{"line":32,"column":18}},"12":{"start":{"line":30,"column":13},"end":{"line":30,"column":37}},"13":{"start":{"line":35,"column":37},"end":{"line":37,"column":1}},"14":{"start":{"line":36,"column":2},"end":{"line":36,"column":46}},"15":{"start":{"line":35,"column":13},"end":{"line":35,"column":37}}},"fnMap":{"0":{"name":"(anonymous_1)","decl":{"start":{"line":20,"column":35},"end":{"line":20,"column":40}},"loc":{"start":{"line":20,"column":46},"end":{"line":23,"column":1}}},"1":{"name":"(anonymous_2)","decl":{"start":{"line":25,"column":37},"end":{"line":25,"column":42}},"loc":{"start":{"line":25,"column":73},"end":{"line":28,"column":1}}},"2":{"name":"(anonymous_3)","decl":{"start":{"line":30,"column":37},"end":{"line":30,"column":42}},"loc":{"start":{"line":30,"column":85},"end":{"line":33,"column":1}}},"3":{"name":"(anonymous_4)","decl":{"start":{"line":35,"column":37},"end":{"line":35,"column":42}},"loc":{"start":{"line":35,"column":58},"end":{"line":37,"column":1}}}},"branchMap":{},"s":{"0":1,"1":1,"2":0,"3":0,"4":1,"5":1,"6":0,"7":0,"8":1,"9":1,"10":0,"11":0,"12":1,"13":1,"14":0,"15":1},"f":{"0":0,"1":0,"2":0,"3":0},"b":{}}
,"C:\\Projetos\\agendamentos\\frontend\\src\\services\\error.ts": {"path":"C:\\Projetos\\agendamentos\\frontend\\src\\services\\error.ts","statementMap":{"0":{"start":{"line":1,"column":0},"end":{"line":1,"column":16}},"1":{"start":{"line":2,"column":17},"end":{"line":2,"column":40}},"2":{"start":{"line":3,"column":25},"end":{"line":3,"column":87}},"3":{"start":{"line":5,"column":2},"end":{"line":5,"column":44}},"4":{"start":{"line":5,"column":22},"end":{"line":5,"column":44}},"5":{"start":{"line":6,"column":2},"end":{"line":6,"column":87}},"6":{"start":{"line":6,"column":22},"end":{"line":6,"column":87}},"7":{"start":{"line":7,"column":2},"end":{"line":7,"column":70}},"8":{"start":{"line":7,"column":22},"end":{"line":7,"column":70}},"9":{"start":{"line":8,"column":2},"end":{"line":8,"column":79}},"10":{"start":{"line":8,"column":22},"end":{"line":8,"column":79}},"11":{"start":{"line":9,"column":2},"end":{"line":9,"column":55}},"12":{"start":{"line":9,"column":22},"end":{"line":9,"column":55}},"13":{"start":{"line":10,"column":2},"end":{"line":10,"column":86}},"14":{"start":{"line":10,"column":21},"end":{"line":10,"column":86}},"15":{"start":{"line":12,"column":2},"end":{"line":12,"column":18}}},"fnMap":{"0":{"name":"getApiErrorMessage","decl":{"start":{"line":1,"column":16},"end":{"line":1,"column":34}},"loc":{"start":{"line":1,"column":87},"end":{"line":13,"column":1}}}},"branchMap":{"0":{"loc":{"start":{"line":1,"column":47},"end":{"line":1,"column":87}},"type":"default-arg","locations":[{"start":{"line":1,"column":58},"end":{"line":1,"column":87}}]},"1":{"loc":{"start":{"line":3,"column":25},"end":{"line":3,"column":87}},"type":"binary-expr","locations":[{"start":{"line":3,"column":25},"end":{"line":3,"column":53}},{"start":{"line":3,"column":57},"end":{"line":3,"column":87}}]},"2":{"loc":{"start":{"line":5,"column":2},"end":{"line":5,"column":44}},"type":"if","locations":[{"start":{"line":5,"column":2},"end":{"line":5,"column":44}},{"start":{},"end":{}}]},"3":{"loc":{"start":{"line":6,"column":2},"end":{"line":6,"column":87}},"type":"if","locations":[{"start":{"line":6,"column":2},"end":{"line":6,"column":87}},{"start":{},"end":{}}]},"4":{"loc":{"start":{"line":7,"column":2},"end":{"line":7,"column":70}},"type":"if","locations":[{"start":{"line":7,"column":2},"end":{"line":7,"column":70}},{"start":{},"end":{}}]},"5":{"loc":{"start":{"line":8,"column":2},"end":{"line":8,"column":79}},"type":"if","locations":[{"start":{"line":8,"column":2},"end":{"line":8,"column":79}},{"start":{},"end":{}}]},"6":{"loc":{"start":{"line":9,"column":2},"end":{"line":9,"column":55}},"type":"if","locations":[{"start":{"line":9,"column":2},"end":{"line":9,"column":55}},{"start":{},"end":{}}]},"7":{"loc":{"start":{"line":10,"column":2},"end":{"line":10,"column":86}},"type":"if","locations":[{"start":{"line":10,"column":2},"end":{"line":10,"column":86}},{"start":{},"end":{}}]}},"s":{"0":6,"1":1,"2":1,"3":1,"4":0,"5":1,"6":0,"7":1,"8":0,"9":1,"10":0,"11":1,"12":0,"13":1,"14":0,"15":1},"f":{"0":1},"b":{"0":[0],"1":[1,1],"2":[0,1],"3":[0,1],"4":[0,1],"5":[0,1],"6":[0,1],"7":[0,1]}}
,"C:\\Projetos\\agendamentos\\frontend\\src\\services\\relatorio.ts": {"path":"C:\\Projetos\\agendamentos\\frontend\\src\\services\\relatorio.ts","statementMap":{"0":{"start":{"line":3,"column":0},"end":{"line":3,"column":7}},"1":{"start":{"line":8,"column":0},"end":{"line":8,"column":7}},"2":{"start":{"line":1,"column":0},"end":{"line":1,"column":24}},"3":{"start":{"line":4,"column":19},"end":{"line":4,"column":69}},"4":{"start":{"line":5,"column":2},"end":{"line":5,"column":23}},"5":{"start":{"line":9,"column":19},"end":{"line":14,"column":4}},"6":{"start":{"line":15,"column":2},"end":{"line":15,"column":23}}},"fnMap":{"0":{"name":"getRelatorioAgendamentos","decl":{"start":{"line":3,"column":22},"end":{"line":3,"column":46}},"loc":{"start":{"line":3,"column":59},"end":{"line":6,"column":1}}},"1":{"name":"exportarRelatorioAgendamentos","decl":{"start":{"line":8,"column":22},"end":{"line":8,"column":51}},"loc":{"start":{"line":8,"column":89},"end":{"line":16,"column":1}}}},"branchMap":{},"s":{"0":1,"1":1,"2":1,"3":0,"4":0,"5":0,"6":0},"f":{"0":0,"1":0},"b":{}}
,"C:\\Projetos\\agendamentos\\frontend\\src\\store\\auth.ts": {"path":"C:\\Projetos\\agendamentos\\frontend\\src\\store\\auth.ts","statementMap":{"0":{"start":{"line":1,"column":0},"end":{"line":1,"column":33}},"1":{"start":{"line":10,"column":13},"end":{"line":23,"column":4}},"2":{"start":{"line":10,"column":51},"end":{"line":23,"column":2}},"3":{"start":{"line":14,"column":4},"end":{"line":14,"column":41}},"4":{"start":{"line":15,"column":4},"end":{"line":15,"column":55}},"5":{"start":{"line":16,"column":4},"end":{"line":16,"column":25}},"6":{"start":{"line":19,"column":4},"end":{"line":19,"column":37}},"7":{"start":{"line":20,"column":4},"end":{"line":20,"column":36}},"8":{"start":{"line":21,"column":4},"end":{"line":21,"column":37}}},"fnMap":{"0":{"name":"(anonymous_0)","decl":{"start":{"line":10,"column":41},"end":{"line":10,"column":42}},"loc":{"start":{"line":10,"column":51},"end":{"line":23,"column":2}}},"1":{"name":"(anonymous_1)","decl":{"start":{"line":13,"column":11},"end":{"line":13,"column":12}},"loc":{"start":{"line":13,"column":27},"end":{"line":17,"column":3}}},"2":{"name":"(anonymous_2)","decl":{"start":{"line":18,"column":10},"end":{"line":18,"column":13}},"loc":{"start":{"line":18,"column":15},"end":{"line":22,"column":3}}}},"branchMap":{"0":{"loc":{"start":{"line":12,"column":19},"end":{"line":12,"column":57}},"type":"binary-expr","locations":[{"start":{"line":12,"column":19},"end":{"line":12,"column":47}},{"start":{"line":12,"column":51},"end":{"line":12,"column":57}}]}},"s":{"0":5,"1":5,"2":5,"3":0,"4":0,"5":0,"6":0,"7":0,"8":0},"f":{"0":5,"1":0,"2":0},"b":{"0":[5,5]}}
}
