TN:
SF:src\components\Charts.tsx
FN:3,(anonymous_0)
FN:3,(anonymous_1)
FN:3,(anonymous_2)
FN:3,(anonymous_3)
FN:3,(anonymous_4)
FN:3,(anonymous_5)
FN:3,(anonymous_6)
FN:3,(anonymous_7)
FN:3,(anonymous_8)
FN:3,(anonymous_9)
FN:3,(anonymous_10)
FNF:11
FNH:11
FNDA:2,(anonymous_0)
FNDA:1,(anonymous_1)
FNDA:1,(anonymous_2)
FNDA:3,(anonymous_3)
FNDA:2,(anonymous_4)
FNDA:2,(anonymous_5)
FNDA:1,(anonymous_6)
FNDA:1,(anonymous_7)
FNDA:1,(anonymous_8)
FNDA:1,(anonymous_9)
FNDA:1,(anonymous_10)
DA:1,1
DA:3,4
LF:2
LH:2
BRF:0
BRH:0
end_of_record
TN:
SF:src\components\Layout.tsx
FN:4,Layout
FN:10,(anonymous_1)
FNF:2
FNH:1
FNDA:28,Layout
FNDA:0,(anonymous_1)
DA:1,4
DA:2,4
DA:4,4
DA:5,28
DA:6,28
DA:7,28
DA:8,28
DA:10,28
DA:11,0
DA:12,0
DA:15,28
LF:11
LH:9
BRDA:24,0,0,28
BRDA:24,0,1,10
BRDA:24,0,2,18
BRDA:27,1,0,28
BRDA:27,1,1,18
BRDA:27,2,0,18
BRDA:27,2,1,0
BRF:7
BRH:6
end_of_record
TN:
SF:src\hooks\useDisponibilidade.ts
FN:11,useDisponibilidades
FN:18,useCreateDisponibilidade
FN:22,(anonymous_2)
FN:26,useUpdateDisponibilidade
FN:29,(anonymous_4)
FN:30,(anonymous_5)
FN:34,useDeleteDisponibilidade
FN:37,(anonymous_7)
FN:38,(anonymous_8)
FNF:9
FNH:3
FNDA:0,useDisponibilidades
FNDA:1,useCreateDisponibilidade
FNDA:0,(anonymous_2)
FNDA:7,useUpdateDisponibilidade
FNDA:0,(anonymous_4)
FNDA:0,(anonymous_5)
FNDA:12,useDeleteDisponibilidade
FNDA:0,(anonymous_7)
FNDA:0,(anonymous_8)
DA:1,1
DA:2,1
DA:11,1
DA:12,0
DA:18,1
DA:19,1
DA:20,1
DA:22,0
DA:26,1
DA:27,7
DA:28,7
DA:29,0
DA:30,0
DA:34,1
DA:35,12
DA:36,12
DA:37,0
DA:38,0
LF:18
LH:12
BRF:0
BRH:0
end_of_record
TN:
SF:src\pages\Agendamentos.tsx
FN:27,Agendamentos
FN:39,(anonymous_2)
FN:44,(anonymous_3)
FN:48,(anonymous_4)
FN:53,(anonymous_5)
FN:86,(anonymous_6)
FN:90,(anonymous_7)
FN:93,(anonymous_8)
FN:96,(anonymous_9)
FN:99,(anonymous_10)
FN:100,(anonymous_11)
FN:108,(anonymous_12)
FN:110,(anonymous_13)
FN:113,(anonymous_14)
FN:125,(anonymous_15)
FN:165,(anonymous_16)
FN:166,(anonymous_17)
FN:177,(anonymous_18)
FN:187,(anonymous_19)
FNF:19
FNH:11
FNDA:7,Agendamentos
FNDA:0,(anonymous_2)
FNDA:6,(anonymous_3)
FNDA:0,(anonymous_4)
FNDA:3,(anonymous_5)
FNDA:3,(anonymous_6)
FNDA:0,(anonymous_7)
FNDA:3,(anonymous_8)
FNDA:2,(anonymous_9)
FNDA:2,(anonymous_10)
FNDA:0,(anonymous_11)
FNDA:1,(anonymous_12)
FNDA:1,(anonymous_13)
FNDA:1,(anonymous_14)
FNDA:0,(anonymous_15)
FNDA:4,(anonymous_16)
FNDA:0,(anonymous_17)
FNDA:0,(anonymous_18)
FNDA:0,(anonymous_19)
DA:1,1
DA:2,1
DA:3,1
DA:4,1
DA:5,1
DA:6,1
DA:27,1
DA:28,7
DA:29,7
DA:30,7
DA:31,7
DA:32,7
DA:33,7
DA:34,7
DA:35,7
DA:36,7
DA:37,7
DA:39,7
DA:40,0
DA:41,0
DA:44,7
DA:45,6
DA:46,6
DA:47,1
DA:48,0
DA:50,1
DA:53,7
DA:54,3
DA:55,3
DA:57,3
DA:60,3
DA:64,3
DA:73,3
DA:85,3
DA:87,3
DA:88,3
DA:91,0
DA:93,3
DA:96,7
DA:97,2
DA:98,2
DA:99,2
DA:100,0
DA:102,0
DA:104,2
DA:108,7
DA:109,1
DA:110,1
DA:113,7
DA:114,1
DA:115,1
DA:118,7
DA:120,7
DA:125,0
DA:166,4
DA:178,0
DA:179,0
DA:188,0
DA:189,0
LF:59
LH:48
BRDA:37,0,0,7
BRDA:37,0,1,0
BRDA:46,1,0,5
BRDA:46,1,1,1
BRDA:48,2,0,0
BRDA:48,2,1,0
BRDA:48,2,2,0
BRDA:57,3,0,0
BRDA:57,3,1,3
BRDA:60,4,0,0
BRDA:60,4,1,3
BRDA:67,5,0,3
BRDA:67,5,1,3
BRDA:68,6,0,3
BRDA:68,6,1,3
BRDA:69,7,0,3
BRDA:69,7,1,3
BRDA:70,8,0,3
BRDA:70,8,1,3
BRDA:73,9,0,3
BRDA:73,9,1,0
BRDA:79,10,0,0
BRDA:79,10,1,0
BRDA:80,11,0,0
BRDA:80,11,1,0
BRDA:81,12,0,0
BRDA:81,12,1,0
BRDA:87,13,0,0
BRDA:87,13,1,3
BRDA:87,14,0,3
BRDA:87,14,1,0
BRDA:97,15,0,2
BRDA:97,15,1,0
BRDA:99,16,0,2
BRDA:99,16,1,0
BRDA:124,17,0,7
BRDA:124,17,1,0
BRDA:131,18,0,7
BRDA:131,18,1,7
BRDA:132,19,0,7
BRDA:132,19,1,0
BRDA:132,19,2,7
BRDA:146,20,0,7
BRDA:146,20,1,0
BRDA:147,21,0,3
BRDA:147,21,1,4
BRDA:168,22,0,4
BRDA:168,22,1,0
BRDA:168,23,0,0
BRDA:168,23,1,0
BRDA:168,24,0,0
BRDA:168,24,1,0
BRDA:169,25,0,4
BRDA:169,25,1,0
BRDA:169,26,0,0
BRDA:169,26,1,0
BRDA:169,27,0,0
BRDA:169,27,1,0
BRDA:184,28,0,4
BRDA:184,28,1,4
BRF:60
BRH:30
end_of_record
TN:
SF:src\pages\Dashboard.tsx
FN:19,Dashboard
FN:26,(anonymous_2)
FN:34,(anonymous_3)
FN:39,(anonymous_4)
FN:40,(anonymous_5)
FN:44,(anonymous_6)
FN:45,(anonymous_7)
FN:46,(anonymous_8)
FN:57,(anonymous_9)
FN:59,(anonymous_10)
FN:69,(anonymous_11)
FN:90,(anonymous_12)
FN:104,(anonymous_13)
FNF:13
FNH:13
FNDA:4,Dashboard
FNDA:2,(anonymous_2)
FNDA:1,(anonymous_3)
FNDA:1,(anonymous_4)
FNDA:2,(anonymous_5)
FNDA:3,(anonymous_6)
FNDA:3,(anonymous_7)
FNDA:3,(anonymous_8)
FNDA:20,(anonymous_9)
FNDA:10,(anonymous_10)
FNDA:20,(anonymous_11)
FNDA:3,(anonymous_12)
FNDA:5,(anonymous_13)
DA:2,1
DA:3,1
DA:4,1
DA:5,1
DA:19,1
DA:20,4
DA:21,4
DA:22,4
DA:23,4
DA:24,4
DA:26,4
DA:27,2
DA:28,2
DA:29,2
DA:35,1
DA:36,1
DA:37,1
DA:39,1
DA:40,2
DA:44,4
DA:45,4
DA:46,4
DA:49,4
DA:56,4
DA:57,20
DA:59,10
DA:64,4
DA:69,20
DA:70,4
DA:72,4
DA:91,3
DA:105,5
LF:32
LH:32
BRDA:59,0,0,10
BRDA:59,0,1,8
BRDA:59,0,2,1
BRDA:75,1,0,2
BRDA:75,1,1,2
BRDA:77,2,0,1
BRDA:77,2,1,1
BRF:7
BRH:7
end_of_record
TN:
SF:src\pages\Disponibilidade.tsx
FN:11,Disponibilidade
FN:29,(anonymous_2)
FN:35,(anonymous_3)
FN:38,(anonymous_4)
FN:65,(anonymous_5)
FN:70,(anonymous_6)
FN:84,(anonymous_7)
FN:105,(anonymous_8)
FN:124,(anonymous_9)
FN:131,(anonymous_10)
FN:132,(anonymous_11)
FNF:11
FNH:10
FNDA:13,Disponibilidade
FNDA:4,(anonymous_2)
FNDA:4,(anonymous_3)
FNDA:2,(anonymous_4)
FNDA:1,(anonymous_5)
FNDA:1,(anonymous_6)
FNDA:91,(anonymous_7)
FNDA:0,(anonymous_8)
FNDA:7,(anonymous_9)
FNDA:1,(anonymous_10)
FNDA:1,(anonymous_11)
DA:1,1
DA:2,1
DA:3,1
DA:4,1
DA:5,1
DA:7,1
DA:11,1
DA:12,13
DA:13,13
DA:14,13
DA:15,13
DA:16,13
DA:18,13
DA:26,13
DA:27,13
DA:29,13
DA:30,4
DA:31,4
DA:32,4
DA:33,0
DA:35,4
DA:38,13
DA:39,2
DA:40,2
DA:42,2
DA:43,0
DA:44,0
DA:47,2
DA:48,0
DA:49,0
DA:52,2
DA:53,2
DA:54,1
DA:56,1
DA:58,2
DA:59,2
DA:61,0
DA:65,13
DA:66,1
DA:67,1
DA:70,13
DA:71,1
DA:72,1
DA:76,13
DA:84,91
DA:105,0
DA:125,7
DA:131,1
DA:132,1
LF:49
LH:42
BRDA:20,0,0,13
BRDA:20,0,1,0
BRDA:32,1,0,0
BRDA:32,1,1,4
BRDA:32,2,0,4
BRDA:32,2,1,0
BRDA:42,3,0,0
BRDA:42,3,1,2
BRDA:42,4,0,2
BRDA:42,4,1,2
BRDA:42,4,2,2
BRDA:47,5,0,0
BRDA:47,5,1,2
BRDA:53,6,0,1
BRDA:53,6,1,1
BRDA:58,7,0,2
BRDA:58,7,1,0
BRDA:71,8,0,1
BRDA:71,8,1,0
BRDA:100,9,0,13
BRDA:100,9,1,0
BRDA:102,10,0,3
BRDA:102,10,1,10
BRDA:104,11,0,13
BRDA:104,11,1,3
BRDA:105,12,0,0
BRDA:105,12,1,0
BRDA:111,13,0,0
BRDA:111,13,1,13
BRDA:111,14,0,0
BRDA:111,14,1,13
BRDA:129,15,0,7
BRDA:129,15,1,0
BRF:33
BRH:20
end_of_record
TN:
SF:src\pages\Relatorios.tsx
FN:26,Relatorios
FN:34,(anonymous_2)
FN:36,(anonymous_3)
FN:37,(anonymous_4)
FN:40,(anonymous_5)
FN:45,(anonymous_6)
FN:49,(anonymous_7)
FN:54,(anonymous_8)
FN:62,(anonymous_9)
FN:64,(anonymous_10)
FN:67,(anonymous_11)
FN:88,(anonymous_12)
FN:124,(anonymous_13)
FN:125,(anonymous_14)
FN:149,(anonymous_15)
FNF:15
FNH:8
FNDA:6,Relatorios
FNDA:2,(anonymous_2)
FNDA:0,(anonymous_3)
FNDA:0,(anonymous_4)
FNDA:0,(anonymous_5)
FNDA:4,(anonymous_6)
FNDA:0,(anonymous_7)
FNDA:2,(anonymous_8)
FNDA:0,(anonymous_9)
FNDA:0,(anonymous_10)
FNDA:1,(anonymous_11)
FNDA:1,(anonymous_12)
FNDA:1,(anonymous_13)
FNDA:0,(anonymous_14)
FNDA:1,(anonymous_15)
DA:1,1
DA:2,1
DA:3,1
DA:4,1
DA:5,1
DA:26,1
DA:27,6
DA:28,6
DA:29,6
DA:30,6
DA:31,6
DA:32,6
DA:34,6
DA:35,2
DA:36,0
DA:37,0
DA:40,6
DA:41,0
DA:42,0
DA:45,6
DA:46,4
DA:47,4
DA:48,0
DA:49,0
DA:51,0
DA:54,6
DA:62,6
DA:63,0
DA:64,0
DA:67,6
DA:68,1
DA:69,1
DA:70,1
DA:72,1
DA:73,0
DA:74,0
DA:75,0
DA:78,1
DA:79,1
DA:80,1
DA:82,0
DA:84,1
DA:88,6
DA:89,1
DA:90,1
DA:91,1
DA:92,1
DA:93,1
DA:94,0
DA:95,0
DA:96,0
DA:97,0
DA:98,0
DA:99,0
DA:101,1
DA:103,1
DA:107,6
DA:124,1
DA:125,0
DA:150,1
LF:60
LH:40
BRDA:36,0,0,0
BRDA:36,0,1,0
BRDA:47,1,0,4
BRDA:47,1,1,0
BRDA:49,2,0,0
BRDA:49,2,1,0
BRDA:49,2,2,0
BRDA:57,3,0,2
BRDA:57,3,1,2
BRDA:58,4,0,2
BRDA:58,4,1,2
BRDA:59,5,0,2
BRDA:59,5,1,2
BRDA:68,6,0,1
BRDA:68,6,1,0
BRDA:72,7,0,0
BRDA:72,7,1,1
BRDA:72,8,0,1
BRDA:72,8,1,0
BRDA:72,8,2,0
BRDA:80,9,0,1
BRDA:80,9,1,0
BRDA:127,10,0,1
BRDA:127,10,1,5
BRDA:129,11,0,1
BRDA:129,11,1,4
BRDA:146,12,0,3
BRDA:146,12,1,1
BRDA:152,13,0,1
BRDA:152,13,1,0
BRDA:152,14,0,0
BRDA:152,14,1,0
BRDA:152,15,0,0
BRDA:152,15,1,0
BRDA:153,16,0,1
BRDA:153,16,1,0
BRDA:153,17,0,0
BRDA:153,17,1,0
BRDA:153,18,0,0
BRDA:153,18,1,0
BRF:40
BRH:19
end_of_record
TN:
SF:src\pages\UsuarioForm.tsx
FN:7,isValidCpfValue
FN:14,UsuarioForm
FN:37,(anonymous_3)
FN:38,(anonymous_4)
FN:45,(anonymous_5)
FN:47,(anonymous_6)
FN:54,(anonymous_7)
FN:58,(anonymous_8)
FN:60,(anonymous_9)
FN:64,(anonymous_10)
FN:81,(anonymous_11)
FN:100,(anonymous_12)
FN:166,(anonymous_13)
FNF:13
FNH:9
FNDA:3,isValidCpfValue
FNDA:30,UsuarioForm
FNDA:4,(anonymous_3)
FNDA:4,(anonymous_4)
FNDA:4,(anonymous_5)
FNDA:0,(anonymous_6)
FNDA:21,(anonymous_7)
FNDA:0,(anonymous_8)
FNDA:21,(anonymous_9)
FNDA:4,(anonymous_10)
FNDA:4,(anonymous_11)
FNDA:0,(anonymous_12)
FNDA:0,(anonymous_13)
DA:1,1
DA:2,1
DA:3,1
DA:4,1
DA:5,1
DA:8,3
DA:9,3
DA:10,3
DA:11,2
DA:14,1
DA:15,30
DA:16,30
DA:17,30
DA:18,30
DA:19,30
DA:20,30
DA:32,30
DA:33,30
DA:34,30
DA:35,30
DA:37,30
DA:38,4
DA:39,4
DA:40,1
DA:45,30
DA:46,4
DA:47,0
DA:48,0
DA:54,30
DA:55,21
DA:56,21
DA:57,0
DA:58,0
DA:60,21
DA:64,30
DA:65,4
DA:66,3
DA:67,3
DA:68,3
DA:69,3
DA:70,3
DA:71,3
DA:72,3
DA:73,3
DA:74,2
DA:75,2
DA:76,2
DA:78,1
DA:81,30
DA:82,4
DA:83,4
DA:84,4
DA:85,4
DA:86,3
DA:87,3
DA:89,1
DA:90,1
DA:91,1
DA:92,1
DA:93,0
DA:94,0
DA:96,1
DA:97,1
DA:100,1
DA:102,0
DA:104,1
DA:108,30
DA:166,0
LF:68
LH:60
BRDA:9,0,0,0
BRDA:9,0,1,3
BRDA:10,1,0,1
BRDA:10,1,1,2
BRDA:39,2,0,1
BRDA:39,2,1,3
BRDA:46,3,0,0
BRDA:46,3,1,4
BRDA:56,4,0,0
BRDA:56,4,1,21
BRDA:65,5,0,1
BRDA:65,5,1,3
BRDA:66,6,0,0
BRDA:66,6,1,3
BRDA:67,7,0,0
BRDA:67,7,1,3
BRDA:68,8,0,0
BRDA:68,8,1,3
BRDA:68,9,0,3
BRDA:68,9,1,3
BRDA:69,10,0,0
BRDA:69,10,1,3
BRDA:69,11,0,3
BRDA:69,11,1,3
BRDA:70,12,0,0
BRDA:70,12,1,3
BRDA:70,13,0,3
BRDA:70,13,1,3
BRDA:71,14,0,3
BRDA:71,14,1,0
BRDA:72,15,0,0
BRDA:72,15,1,3
BRDA:73,16,0,1
BRDA:73,16,1,2
BRDA:74,17,0,0
BRDA:74,17,1,2
BRDA:75,18,0,0
BRDA:75,18,1,2
BRDA:76,19,0,1
BRDA:76,19,1,1
BRDA:85,20,0,3
BRDA:85,20,1,1
BRDA:92,21,0,0
BRDA:92,21,1,1
BRDA:102,22,0,0
BRDA:102,22,1,0
BRDA:111,23,0,0
BRDA:111,23,1,30
BRDA:113,24,0,1
BRDA:113,24,1,29
BRDA:114,25,0,30
BRDA:114,25,1,30
BRDA:122,26,0,0
BRDA:122,26,1,30
BRDA:123,27,0,30
BRDA:123,27,1,30
BRDA:126,28,0,0
BRDA:126,28,1,30
BRDA:128,29,0,0
BRDA:128,29,1,30
BRDA:131,30,0,30
BRDA:131,30,1,30
BRDA:140,31,0,1
BRDA:140,31,1,29
BRDA:144,32,0,0
BRDA:144,32,1,30
BRDA:152,33,0,1
BRDA:152,33,1,29
BRDA:160,34,0,30
BRDA:160,34,1,3
BRDA:161,35,0,30
BRDA:161,35,1,1
BRDA:163,36,0,30
BRDA:163,36,1,1
BRDA:164,37,0,1
BRDA:164,37,1,29
BRF:76
BRH:56
end_of_record
TN:
SF:src\services\api.ts
FN:14,(anonymous_1)
FN:21,(anonymous_2)
FN:22,(anonymous_3)
FNF:3
FNH:1
FNDA:2,(anonymous_1)
FNDA:0,(anonymous_2)
FNDA:0,(anonymous_3)
DA:1,5
DA:2,5
DA:5,5
DA:9,5
DA:14,5
DA:15,2
DA:16,2
DA:17,2
DA:20,5
DA:21,0
DA:23,0
DA:24,0
DA:25,0
DA:26,0
DA:27,0
DA:31,0
DA:32,0
DA:36,5
LF:18
LH:10
BRDA:5,0,0,5
BRDA:5,0,1,5
BRDA:5,0,2,5
BRDA:5,1,0,5
BRDA:5,1,1,0
BRDA:6,2,0,5
BRDA:6,2,1,0
BRDA:16,3,0,0
BRDA:16,3,1,2
BRDA:23,4,0,0
BRDA:23,4,1,0
BRDA:26,5,0,0
BRDA:26,5,1,0
BRDA:26,6,0,0
BRDA:26,6,1,0
BRF:15
BRH:6
end_of_record
TN:
SF:src\services\disponibilidade.ts
FN:20,(anonymous_1)
FN:25,(anonymous_2)
FN:30,(anonymous_3)
FN:35,(anonymous_4)
FNF:4
FNH:0
FNDA:0,(anonymous_1)
FNDA:0,(anonymous_2)
FNDA:0,(anonymous_3)
FNDA:0,(anonymous_4)
DA:1,1
DA:20,1
DA:21,0
DA:22,0
DA:25,1
DA:26,0
DA:27,0
DA:30,1
DA:31,0
DA:32,0
DA:35,1
DA:36,0
LF:12
LH:5
BRF:0
BRH:0
end_of_record
TN:
SF:src\services\error.ts
FN:1,getApiErrorMessage
FNF:1
FNH:1
FNDA:1,getApiErrorMessage
DA:1,6
DA:2,1
DA:3,1
DA:5,1
DA:6,1
DA:7,1
DA:8,1
DA:9,1
DA:10,1
DA:12,1
LF:10
LH:10
BRDA:1,0,0,0
BRDA:3,1,0,1
BRDA:3,1,1,1
BRDA:5,2,0,0
BRDA:5,2,1,1
BRDA:6,3,0,0
BRDA:6,3,1,1
BRDA:7,4,0,0
BRDA:7,4,1,1
BRDA:8,5,0,0
BRDA:8,5,1,1
BRDA:9,6,0,0
BRDA:9,6,1,1
BRDA:10,7,0,0
BRDA:10,7,1,1
BRF:15
BRH:8
end_of_record
TN:
SF:src\services\relatorio.ts
FN:3,getRelatorioAgendamentos
FN:8,exportarRelatorioAgendamentos
FNF:2
FNH:0
FNDA:0,getRelatorioAgendamentos
FNDA:0,exportarRelatorioAgendamentos
DA:1,1
DA:3,1
DA:4,0
DA:5,0
DA:8,1
DA:9,0
DA:15,0
LF:7
LH:3
BRF:0
BRH:0
end_of_record
TN:
SF:src\store\auth.ts
FN:10,(anonymous_0)
FN:13,(anonymous_1)
FN:18,(anonymous_2)
FNF:3
FNH:1
FNDA:5,(anonymous_0)
FNDA:0,(anonymous_1)
FNDA:0,(anonymous_2)
DA:1,5
DA:10,5
DA:14,0
DA:15,0
DA:16,0
DA:19,0
DA:20,0
DA:21,0
LF:8
LH:2
BRDA:12,0,0,5
BRDA:12,0,1,5
BRF:2
BRH:2
end_of_record
